{"numFailedTestSuites":4,"numFailedTests":39,"numPassedTestSuites":6,"numPassedTests":61,"numPendingTestSuites":0,"numPendingTests":0,"numRuntimeErrorTestSuites":2,"numTodoTests":0,"numTotalTestSuites":10,"numTotalTests":100,"openHandles":[],"snapshot":{"added":0,"didUpdate":false,"failure":false,"filesAdded":0,"filesRemoved":0,"filesRemovedList":[],"filesUnmatched":0,"filesUpdated":0,"matched":0,"total":0,"unchecked":0,"uncheckedKeysByFile":[],"unmatched":0,"updated":0},"startTime":1756771835643,"success":false,"testResults":[{"assertionResults":[{"ancestorTitles":["PIIRedactionService","UK Names Redaction"],"duration":33,"failureDetails":[],"failureMessages":[],"fullName":"PIIRedactionService UK Names Redaction should redact full names with FULL level","invocations":1,"location":null,"numPassingAsserts":3,"retryReasons":[],"status":"passed","title":"should redact full names with FULL level"},{"ancestorTitles":["PIIRedactionService","UK Names Redaction"],"duration":14,"failureDetails":[{"matcherResult":{"actual":"Contact John Smith for details.","expected":"Contact J*** S*** for details.","message":"\u001b[2mexpect(\u001b[22m\u001b[31mreceived\u001b[39m\u001b[2m).\u001b[22mtoBe\u001b[2m(\u001b[22m\u001b[32mexpected\u001b[39m\u001b[2m) // Object.is equality\u001b[22m\n\nExpected: \u001b[32m\"Contact J\u001b[7m*** S***\u001b[27m for details.\"\u001b[39m\nReceived: \u001b[31m\"Contact J\u001b[7mohn Smith\u001b[27m for details.\"\u001b[39m","name":"toBe","pass":false}}],"failureMessages":["Error: \u001b[2mexpect(\u001b[22m\u001b[31mreceived\u001b[39m\u001b[2m).\u001b[22mtoBe\u001b[2m(\u001b[22m\u001b[32mexpected\u001b[39m\u001b[2m) // Object.is equality\u001b[22m\n\nExpected: \u001b[32m\"Contact J\u001b[7m*** S***\u001b[27m for details.\"\u001b[39m\nReceived: \u001b[31m\"Contact J\u001b[7mohn Smith\u001b[27m for details.\"\u001b[39m\n    at Object.<anonymous> (/home/mine/ai/claude-home/projects/solicitor-brain-v2/server/tests/pii-redactor.test.ts:33:35)\n    at Promise.then.completed (/home/mine/ai/claude-home/projects/solicitor-brain-v2/node_modules/jest-circus/build/utils.js:298:28)\n    at new Promise (<anonymous>)\n    at callAsyncCircusFn (/home/mine/ai/claude-home/projects/solicitor-brain-v2/node_modules/jest-circus/build/utils.js:231:10)\n    at _callCircusTest (/home/mine/ai/claude-home/projects/solicitor-brain-v2/node_modules/jest-circus/build/run.js:316:40)\n    at _runTest (/home/mine/ai/claude-home/projects/solicitor-brain-v2/node_modules/jest-circus/build/run.js:252:3)\n    at _runTestsForDescribeBlock (/home/mine/ai/claude-home/projects/solicitor-brain-v2/node_modules/jest-circus/build/run.js:126:9)\n    at _runTestsForDescribeBlock (/home/mine/ai/claude-home/projects/solicitor-brain-v2/node_modules/jest-circus/build/run.js:121:9)\n    at _runTestsForDescribeBlock (/home/mine/ai/claude-home/projects/solicitor-brain-v2/node_modules/jest-circus/build/run.js:121:9)\n    at run (/home/mine/ai/claude-home/projects/solicitor-brain-v2/node_modules/jest-circus/build/run.js:71:3)\n    at runAndTransformResultsToJestFormat (/home/mine/ai/claude-home/projects/solicitor-brain-v2/node_modules/jest-circus/build/legacy-code-todo-rewrite/jestAdapterInit.js:122:21)\n    at jestAdapter (/home/mine/ai/claude-home/projects/solicitor-brain-v2/node_modules/jest-circus/build/legacy-code-todo-rewrite/jestAdapter.js:79:19)\n    at runTestInternal (/home/mine/ai/claude-home/projects/solicitor-brain-v2/node_modules/jest-runner/build/runTest.js:367:16)\n    at runTest (/home/mine/ai/claude-home/projects/solicitor-brain-v2/node_modules/jest-runner/build/runTest.js:444:34)"],"fullName":"PIIRedactionService UK Names Redaction should partially redact names with PARTIAL level","invocations":1,"location":null,"numPassingAsserts":0,"retryReasons":[],"status":"failed","title":"should partially redact names with PARTIAL level"},{"ancestorTitles":["PIIRedactionService","UK Names Redaction"],"duration":1,"failureDetails":[],"failureMessages":[],"fullName":"PIIRedactionService UK Names Redaction should not redact names with NONE level","invocations":1,"location":null,"numPassingAsserts":2,"retryReasons":[],"status":"passed","title":"should not redact names with NONE level"},{"ancestorTitles":["PIIRedactionService","UK Names Redaction"],"duration":5,"failureDetails":[{"matcherResult":{"actual":"John Smith and [NAME_REDACTED] are co-defendants.","expected":"[NAME_REDACTED] and [NAME_REDACTED] are co-defendants.","message":"\u001b[2mexpect(\u001b[22m\u001b[31mreceived\u001b[39m\u001b[2m).\u001b[22mtoBe\u001b[2m(\u001b[22m\u001b[32mexpected\u001b[39m\u001b[2m) // Object.is equality\u001b[22m\n\nExpected: \u001b[32m\"\u001b[7m[NAME_REDACTED]\u001b[27m and [NAME_REDACTED] are co-defendants.\"\u001b[39m\nReceived: \u001b[31m\"\u001b[7mJohn Smith\u001b[27m and [NAME_REDACTED] are co-defendants.\"\u001b[39m","name":"toBe","pass":false}}],"failureMessages":["Error: \u001b[2mexpect(\u001b[22m\u001b[31mreceived\u001b[39m\u001b[2m).\u001b[22mtoBe\u001b[2m(\u001b[22m\u001b[32mexpected\u001b[39m\u001b[2m) // Object.is equality\u001b[22m\n\nExpected: \u001b[32m\"\u001b[7m[NAME_REDACTED]\u001b[27m and [NAME_REDACTED] are co-defendants.\"\u001b[39m\nReceived: \u001b[31m\"\u001b[7mJohn Smith\u001b[27m and [NAME_REDACTED] are co-defendants.\"\u001b[39m\n    at Object.<anonymous> (/home/mine/ai/claude-home/projects/solicitor-brain-v2/server/tests/pii-redactor.test.ts:49:35)\n    at Promise.then.completed (/home/mine/ai/claude-home/projects/solicitor-brain-v2/node_modules/jest-circus/build/utils.js:298:28)\n    at new Promise (<anonymous>)\n    at callAsyncCircusFn (/home/mine/ai/claude-home/projects/solicitor-brain-v2/node_modules/jest-circus/build/utils.js:231:10)\n    at _callCircusTest (/home/mine/ai/claude-home/projects/solicitor-brain-v2/node_modules/jest-circus/build/run.js:316:40)\n    at _runTest (/home/mine/ai/claude-home/projects/solicitor-brain-v2/node_modules/jest-circus/build/run.js:252:3)\n    at _runTestsForDescribeBlock (/home/mine/ai/claude-home/projects/solicitor-brain-v2/node_modules/jest-circus/build/run.js:126:9)\n    at _runTestsForDescribeBlock (/home/mine/ai/claude-home/projects/solicitor-brain-v2/node_modules/jest-circus/build/run.js:121:9)\n    at _runTestsForDescribeBlock (/home/mine/ai/claude-home/projects/solicitor-brain-v2/node_modules/jest-circus/build/run.js:121:9)\n    at run (/home/mine/ai/claude-home/projects/solicitor-brain-v2/node_modules/jest-circus/build/run.js:71:3)\n    at runAndTransformResultsToJestFormat (/home/mine/ai/claude-home/projects/solicitor-brain-v2/node_modules/jest-circus/build/legacy-code-todo-rewrite/jestAdapterInit.js:122:21)\n    at jestAdapter (/home/mine/ai/claude-home/projects/solicitor-brain-v2/node_modules/jest-circus/build/legacy-code-todo-rewrite/jestAdapter.js:79:19)\n    at runTestInternal (/home/mine/ai/claude-home/projects/solicitor-brain-v2/node_modules/jest-runner/build/runTest.js:367:16)\n    at runTest (/home/mine/ai/claude-home/projects/solicitor-brain-v2/node_modules/jest-runner/build/runTest.js:444:34)"],"fullName":"PIIRedactionService UK Names Redaction should handle multiple names in text","invocations":1,"location":null,"numPassingAsserts":0,"retryReasons":[],"status":"failed","title":"should handle multiple names in text"},{"ancestorTitles":["PIIRedactionService","UK National Insurance Numbers"],"duration":5,"failureDetails":[{"matcherResult":{"actual":"NI Number: [NI[SORT_REDACTED]D]","expected":"NI Number: [NI_REDACTED]","message":"\u001b[2mexpect(\u001b[22m\u001b[31mreceived\u001b[39m\u001b[2m).\u001b[22mtoBe\u001b[2m(\u001b[22m\u001b[32mexpected\u001b[39m\u001b[2m) // Object.is equality\u001b[22m\n\nExpected: \u001b[32m\"NI Number: [NI_REDACTED]\"\u001b[39m\nReceived: \u001b[31m\"NI Number: [NI\u001b[7m[SORT\u001b[27m_REDACTED]\u001b[7mD]\u001b[27m\"\u001b[39m","name":"toBe","pass":false}}],"failureMessages":["Error: \u001b[2mexpect(\u001b[22m\u001b[31mreceived\u001b[39m\u001b[2m).\u001b[22mtoBe\u001b[2m(\u001b[22m\u001b[32mexpected\u001b[39m\u001b[2m) // Object.is equality\u001b[22m\n\nExpected: \u001b[32m\"NI Number: [NI_REDACTED]\"\u001b[39m\nReceived: \u001b[31m\"NI Number: [NI\u001b[7m[SORT\u001b[27m_REDACTED]\u001b[7mD]\u001b[27m\"\u001b[39m\n    at Object.<anonymous> (/home/mine/ai/claude-home/projects/solicitor-brain-v2/server/tests/pii-redactor.test.ts:59:35)\n    at Promise.then.completed (/home/mine/ai/claude-home/projects/solicitor-brain-v2/node_modules/jest-circus/build/utils.js:298:28)\n    at new Promise (<anonymous>)\n    at callAsyncCircusFn (/home/mine/ai/claude-home/projects/solicitor-brain-v2/node_modules/jest-circus/build/utils.js:231:10)\n    at _callCircusTest (/home/mine/ai/claude-home/projects/solicitor-brain-v2/node_modules/jest-circus/build/run.js:316:40)\n    at _runTest (/home/mine/ai/claude-home/projects/solicitor-brain-v2/node_modules/jest-circus/build/run.js:252:3)\n    at _runTestsForDescribeBlock (/home/mine/ai/claude-home/projects/solicitor-brain-v2/node_modules/jest-circus/build/run.js:126:9)\n    at _runTestsForDescribeBlock (/home/mine/ai/claude-home/projects/solicitor-brain-v2/node_modules/jest-circus/build/run.js:121:9)\n    at _runTestsForDescribeBlock (/home/mine/ai/claude-home/projects/solicitor-brain-v2/node_modules/jest-circus/build/run.js:121:9)\n    at run (/home/mine/ai/claude-home/projects/solicitor-brain-v2/node_modules/jest-circus/build/run.js:71:3)\n    at runAndTransformResultsToJestFormat (/home/mine/ai/claude-home/projects/solicitor-brain-v2/node_modules/jest-circus/build/legacy-code-todo-rewrite/jestAdapterInit.js:122:21)\n    at jestAdapter (/home/mine/ai/claude-home/projects/solicitor-brain-v2/node_modules/jest-circus/build/legacy-code-todo-rewrite/jestAdapter.js:79:19)\n    at runTestInternal (/home/mine/ai/claude-home/projects/solicitor-brain-v2/node_modules/jest-runner/build/runTest.js:367:16)\n    at runTest (/home/mine/ai/claude-home/projects/solicitor-brain-v2/node_modules/jest-runner/build/runTest.js:444:34)"],"fullName":"PIIRedactionService UK National Insurance Numbers should redact valid NI numbers","invocations":1,"location":null,"numPassingAsserts":0,"retryReasons":[],"status":"failed","title":"should redact valid NI numbers"},{"ancestorTitles":["PIIRedactionService","UK National Insurance Numbers"],"duration":10,"failureDetails":[],"failureMessages":[],"fullName":"PIIRedactionService UK National Insurance Numbers should partially redact NI numbers","invocations":1,"location":null,"numPassingAsserts":1,"retryReasons":[],"status":"passed","title":"should partially redact NI numbers"},{"ancestorTitles":["PIIRedactionService","UK National Insurance Numbers"],"duration":10,"failureDetails":[{"matcherResult":{"actual":"NI: [NI[SORT_REDACTED]D]","expected":"NI: [NI_REDACTED]","message":"\u001b[2mexpect(\u001b[22m\u001b[31mreceived\u001b[39m\u001b[2m).\u001b[22mtoBe\u001b[2m(\u001b[22m\u001b[32mexpected\u001b[39m\u001b[2m) // Object.is equality\u001b[22m\n\nExpected: \u001b[32m\"NI: [NI_REDACTED]\"\u001b[39m\nReceived: \u001b[31m\"NI: [NI\u001b[7m[SORT\u001b[27m_REDACTED]\u001b[7mD]\u001b[27m\"\u001b[39m","name":"toBe","pass":false}}],"failureMessages":["Error: \u001b[2mexpect(\u001b[22m\u001b[31mreceived\u001b[39m\u001b[2m).\u001b[22mtoBe\u001b[2m(\u001b[22m\u001b[32mexpected\u001b[39m\u001b[2m) // Object.is equality\u001b[22m\n\nExpected: \u001b[32m\"NI: [NI_REDACTED]\"\u001b[39m\nReceived: \u001b[31m\"NI: [NI\u001b[7m[SORT\u001b[27m_REDACTED]\u001b[7mD]\u001b[27m\"\u001b[39m\n    at /home/mine/ai/claude-home/projects/solicitor-brain-v2/server/tests/pii-redactor.test.ts:79:37\n    at Array.forEach (<anonymous>)\n    at Object.<anonymous> (/home/mine/ai/claude-home/projects/solicitor-brain-v2/server/tests/pii-redactor.test.ts:77:17)\n    at Promise.then.completed (/home/mine/ai/claude-home/projects/solicitor-brain-v2/node_modules/jest-circus/build/utils.js:298:28)\n    at new Promise (<anonymous>)\n    at callAsyncCircusFn (/home/mine/ai/claude-home/projects/solicitor-brain-v2/node_modules/jest-circus/build/utils.js:231:10)\n    at _callCircusTest (/home/mine/ai/claude-home/projects/solicitor-brain-v2/node_modules/jest-circus/build/run.js:316:40)\n    at _runTest (/home/mine/ai/claude-home/projects/solicitor-brain-v2/node_modules/jest-circus/build/run.js:252:3)\n    at _runTestsForDescribeBlock (/home/mine/ai/claude-home/projects/solicitor-brain-v2/node_modules/jest-circus/build/run.js:126:9)\n    at _runTestsForDescribeBlock (/home/mine/ai/claude-home/projects/solicitor-brain-v2/node_modules/jest-circus/build/run.js:121:9)\n    at _runTestsForDescribeBlock (/home/mine/ai/claude-home/projects/solicitor-brain-v2/node_modules/jest-circus/build/run.js:121:9)\n    at run (/home/mine/ai/claude-home/projects/solicitor-brain-v2/node_modules/jest-circus/build/run.js:71:3)\n    at runAndTransformResultsToJestFormat (/home/mine/ai/claude-home/projects/solicitor-brain-v2/node_modules/jest-circus/build/legacy-code-todo-rewrite/jestAdapterInit.js:122:21)\n    at jestAdapter (/home/mine/ai/claude-home/projects/solicitor-brain-v2/node_modules/jest-circus/build/legacy-code-todo-rewrite/jestAdapter.js:79:19)\n    at runTestInternal (/home/mine/ai/claude-home/projects/solicitor-brain-v2/node_modules/jest-runner/build/runTest.js:367:16)\n    at runTest (/home/mine/ai/claude-home/projects/solicitor-brain-v2/node_modules/jest-runner/build/runTest.js:444:34)"],"fullName":"PIIRedactionService UK National Insurance Numbers should handle NI numbers with different spacing","invocations":1,"location":null,"numPassingAsserts":1,"retryReasons":[],"status":"failed","title":"should handle NI numbers with different spacing"},{"ancestorTitles":["PIIRedactionService","UK Postcodes"],"duration":26,"failureDetails":[],"failureMessages":[],"fullName":"PIIRedactionService UK Postcodes should redact valid UK postcodes","invocations":1,"location":null,"numPassingAsserts":5,"retryReasons":[],"status":"passed","title":"should redact valid UK postcodes"},{"ancestorTitles":["PIIRedactionService","UK Postcodes"],"duration":11,"failureDetails":[{"matcherResult":{"actual":"SW1A 1AA","expected":"SWX XXX","message":"\u001b[2mexpect(\u001b[22m\u001b[31mreceived\u001b[39m\u001b[2m).\u001b[22mtoBe\u001b[2m(\u001b[22m\u001b[32mexpected\u001b[39m\u001b[2m) // Object.is equality\u001b[22m\n\nExpected: \u001b[32m\"SW\u001b[7mX XXX\u001b[27m\"\u001b[39m\nReceived: \u001b[31m\"SW\u001b[7m1A 1AA\u001b[27m\"\u001b[39m","name":"toBe","pass":false}}],"failureMessages":["Error: \u001b[2mexpect(\u001b[22m\u001b[31mreceived\u001b[39m\u001b[2m).\u001b[22mtoBe\u001b[2m(\u001b[22m\u001b[32mexpected\u001b[39m\u001b[2m) // Object.is equality\u001b[22m\n\nExpected: \u001b[32m\"SW\u001b[7mX XXX\u001b[27m\"\u001b[39m\nReceived: \u001b[31m\"SW\u001b[7m1A 1AA\u001b[27m\"\u001b[39m\n    at Object.<anonymous> (/home/mine/ai/claude-home/projects/solicitor-brain-v2/server/tests/pii-redactor.test.ts:102:35)\n    at Promise.then.completed (/home/mine/ai/claude-home/projects/solicitor-brain-v2/node_modules/jest-circus/build/utils.js:298:28)\n    at new Promise (<anonymous>)\n    at callAsyncCircusFn (/home/mine/ai/claude-home/projects/solicitor-brain-v2/node_modules/jest-circus/build/utils.js:231:10)\n    at _callCircusTest (/home/mine/ai/claude-home/projects/solicitor-brain-v2/node_modules/jest-circus/build/run.js:316:40)\n    at _runTest (/home/mine/ai/claude-home/projects/solicitor-brain-v2/node_modules/jest-circus/build/run.js:252:3)\n    at _runTestsForDescribeBlock (/home/mine/ai/claude-home/projects/solicitor-brain-v2/node_modules/jest-circus/build/run.js:126:9)\n    at _runTestsForDescribeBlock (/home/mine/ai/claude-home/projects/solicitor-brain-v2/node_modules/jest-circus/build/run.js:121:9)\n    at _runTestsForDescribeBlock (/home/mine/ai/claude-home/projects/solicitor-brain-v2/node_modules/jest-circus/build/run.js:121:9)\n    at run (/home/mine/ai/claude-home/projects/solicitor-brain-v2/node_modules/jest-circus/build/run.js:71:3)\n    at runAndTransformResultsToJestFormat (/home/mine/ai/claude-home/projects/solicitor-brain-v2/node_modules/jest-circus/build/legacy-code-todo-rewrite/jestAdapterInit.js:122:21)\n    at jestAdapter (/home/mine/ai/claude-home/projects/solicitor-brain-v2/node_modules/jest-circus/build/legacy-code-todo-rewrite/jestAdapter.js:79:19)\n    at runTestInternal (/home/mine/ai/claude-home/projects/solicitor-brain-v2/node_modules/jest-runner/build/runTest.js:367:16)\n    at runTest (/home/mine/ai/claude-home/projects/solicitor-brain-v2/node_modules/jest-runner/build/runTest.js:444:34)"],"fullName":"PIIRedactionService UK Postcodes should partially redact postcodes","invocations":1,"location":null,"numPassingAsserts":0,"retryReasons":[],"status":"failed","title":"should partially redact postcodes"},{"ancestorTitles":["PIIRedactionService","UK Phone Numbers"],"duration":11,"failureDetails":[],"failureMessages":[],"fullName":"PIIRedactionService UK Phone Numbers should redact mobile numbers","invocations":1,"location":null,"numPassingAsserts":3,"retryReasons":[],"status":"passed","title":"should redact mobile numbers"},{"ancestorTitles":["PIIRedactionService","UK Phone Numbers"],"duration":6,"failureDetails":[{"matcherResult":{"actual":"Office: +44 20 1234 5678","expected":"Office: [PHONE_REDACTED]","message":"\u001b[2mexpect(\u001b[22m\u001b[31mreceived\u001b[39m\u001b[2m).\u001b[22mtoBe\u001b[2m(\u001b[22m\u001b[32mexpected\u001b[39m\u001b[2m) // Object.is equality\u001b[22m\n\nExpected: \u001b[32m\"Office: \u001b[7m[PHONE_REDACTED]\u001b[27m\"\u001b[39m\nReceived: \u001b[31m\"Office: \u001b[7m+44 20 1234 5678\u001b[27m\"\u001b[39m","name":"toBe","pass":false}}],"failureMessages":["Error: \u001b[2mexpect(\u001b[22m\u001b[31mreceived\u001b[39m\u001b[2m).\u001b[22mtoBe\u001b[2m(\u001b[22m\u001b[32mexpected\u001b[39m\u001b[2m) // Object.is equality\u001b[22m\n\nExpected: \u001b[32m\"Office: \u001b[7m[PHONE_REDACTED]\u001b[27m\"\u001b[39m\nReceived: \u001b[31m\"Office: \u001b[7m+44 20 1234 5678\u001b[27m\"\u001b[39m\n    at /home/mine/ai/claude-home/projects/solicitor-brain-v2/server/tests/pii-redactor.test.ts:129:37\n    at Array.forEach (<anonymous>)\n    at Object.<anonymous> (/home/mine/ai/claude-home/projects/solicitor-brain-v2/server/tests/pii-redactor.test.ts:127:17)\n    at Promise.then.completed (/home/mine/ai/claude-home/projects/solicitor-brain-v2/node_modules/jest-circus/build/utils.js:298:28)\n    at new Promise (<anonymous>)\n    at callAsyncCircusFn (/home/mine/ai/claude-home/projects/solicitor-brain-v2/node_modules/jest-circus/build/utils.js:231:10)\n    at _callCircusTest (/home/mine/ai/claude-home/projects/solicitor-brain-v2/node_modules/jest-circus/build/run.js:316:40)\n    at _runTest (/home/mine/ai/claude-home/projects/solicitor-brain-v2/node_modules/jest-circus/build/run.js:252:3)\n    at _runTestsForDescribeBlock (/home/mine/ai/claude-home/projects/solicitor-brain-v2/node_modules/jest-circus/build/run.js:126:9)\n    at _runTestsForDescribeBlock (/home/mine/ai/claude-home/projects/solicitor-brain-v2/node_modules/jest-circus/build/run.js:121:9)\n    at _runTestsForDescribeBlock (/home/mine/ai/claude-home/projects/solicitor-brain-v2/node_modules/jest-circus/build/run.js:121:9)\n    at run (/home/mine/ai/claude-home/projects/solicitor-brain-v2/node_modules/jest-circus/build/run.js:71:3)\n    at runAndTransformResultsToJestFormat (/home/mine/ai/claude-home/projects/solicitor-brain-v2/node_modules/jest-circus/build/legacy-code-todo-rewrite/jestAdapterInit.js:122:21)\n    at jestAdapter (/home/mine/ai/claude-home/projects/solicitor-brain-v2/node_modules/jest-circus/build/legacy-code-todo-rewrite/jestAdapter.js:79:19)\n    at runTestInternal (/home/mine/ai/claude-home/projects/solicitor-brain-v2/node_modules/jest-runner/build/runTest.js:367:16)\n    at runTest (/home/mine/ai/claude-home/projects/solicitor-brain-v2/node_modules/jest-runner/build/runTest.js:444:34)"],"fullName":"PIIRedactionService UK Phone Numbers should redact landline numbers","invocations":1,"location":null,"numPassingAsserts":0,"retryReasons":[],"status":"failed","title":"should redact landline numbers"},{"ancestorTitles":["PIIRedactionService","UK Phone Numbers"],"duration":3,"failureDetails":[{"matcherResult":{"actual":"+44 7123 456789","expected":"+44 XXXX XXXXXX","message":"\u001b[2mexpect(\u001b[22m\u001b[31mreceived\u001b[39m\u001b[2m).\u001b[22mtoBe\u001b[2m(\u001b[22m\u001b[32mexpected\u001b[39m\u001b[2m) // Object.is equality\u001b[22m\n\nExpected: \u001b[32m\"+44 \u001b[7mXXXX XXXXXX\u001b[27m\"\u001b[39m\nReceived: \u001b[31m\"+44 \u001b[7m7123 456789\u001b[27m\"\u001b[39m","name":"toBe","pass":false}}],"failureMessages":["Error: \u001b[2mexpect(\u001b[22m\u001b[31mreceived\u001b[39m\u001b[2m).\u001b[22mtoBe\u001b[2m(\u001b[22m\u001b[32mexpected\u001b[39m\u001b[2m) // Object.is equality\u001b[22m\n\nExpected: \u001b[32m\"+44 \u001b[7mXXXX XXXXXX\u001b[27m\"\u001b[39m\nReceived: \u001b[31m\"+44 \u001b[7m7123 456789\u001b[27m\"\u001b[39m\n    at Object.<anonymous> (/home/mine/ai/claude-home/projects/solicitor-brain-v2/server/tests/pii-redactor.test.ts:135:35)\n    at Promise.then.completed (/home/mine/ai/claude-home/projects/solicitor-brain-v2/node_modules/jest-circus/build/utils.js:298:28)\n    at new Promise (<anonymous>)\n    at callAsyncCircusFn (/home/mine/ai/claude-home/projects/solicitor-brain-v2/node_modules/jest-circus/build/utils.js:231:10)\n    at _callCircusTest (/home/mine/ai/claude-home/projects/solicitor-brain-v2/node_modules/jest-circus/build/run.js:316:40)\n    at _runTest (/home/mine/ai/claude-home/projects/solicitor-brain-v2/node_modules/jest-circus/build/run.js:252:3)\n    at _runTestsForDescribeBlock (/home/mine/ai/claude-home/projects/solicitor-brain-v2/node_modules/jest-circus/build/run.js:126:9)\n    at _runTestsForDescribeBlock (/home/mine/ai/claude-home/projects/solicitor-brain-v2/node_modules/jest-circus/build/run.js:121:9)\n    at _runTestsForDescribeBlock (/home/mine/ai/claude-home/projects/solicitor-brain-v2/node_modules/jest-circus/build/run.js:121:9)\n    at run (/home/mine/ai/claude-home/projects/solicitor-brain-v2/node_modules/jest-circus/build/run.js:71:3)\n    at runAndTransformResultsToJestFormat (/home/mine/ai/claude-home/projects/solicitor-brain-v2/node_modules/jest-circus/build/legacy-code-todo-rewrite/jestAdapterInit.js:122:21)\n    at jestAdapter (/home/mine/ai/claude-home/projects/solicitor-brain-v2/node_modules/jest-circus/build/legacy-code-todo-rewrite/jestAdapter.js:79:19)\n    at runTestInternal (/home/mine/ai/claude-home/projects/solicitor-brain-v2/node_modules/jest-runner/build/runTest.js:367:16)\n    at runTest (/home/mine/ai/claude-home/projects/solicitor-brain-v2/node_modules/jest-runner/build/runTest.js:444:34)"],"fullName":"PIIRedactionService UK Phone Numbers should partially redact phone numbers","invocations":1,"location":null,"numPassingAsserts":0,"retryReasons":[],"status":"failed","title":"should partially redact phone numbers"},{"ancestorTitles":["PIIRedactionService","Email Addresses"],"duration":3,"failureDetails":[],"failureMessages":[],"fullName":"PIIRedactionService Email Addresses should redact email addresses","invocations":1,"location":null,"numPassingAsserts":2,"retryReasons":[],"status":"passed","title":"should redact email addresses"},{"ancestorTitles":["PIIRedactionService","Email Addresses"],"duration":3,"failureDetails":[{"matcherResult":{"actual":"john.smith@example.com","expected":"jo***@example.com","message":"\u001b[2mexpect(\u001b[22m\u001b[31mreceived\u001b[39m\u001b[2m).\u001b[22mtoBe\u001b[2m(\u001b[22m\u001b[32mexpected\u001b[39m\u001b[2m) // Object.is equality\u001b[22m\n\nExpected: \u001b[32m\"jo\u001b[7m***\u001b[27m@example.com\"\u001b[39m\nReceived: \u001b[31m\"jo\u001b[7mhn.smith\u001b[27m@example.com\"\u001b[39m","name":"toBe","pass":false}}],"failureMessages":["Error: \u001b[2mexpect(\u001b[22m\u001b[31mreceived\u001b[39m\u001b[2m).\u001b[22mtoBe\u001b[2m(\u001b[22m\u001b[32mexpected\u001b[39m\u001b[2m) // Object.is equality\u001b[22m\n\nExpected: \u001b[32m\"jo\u001b[7m***\u001b[27m@example.com\"\u001b[39m\nReceived: \u001b[31m\"jo\u001b[7mhn.smith\u001b[27m@example.com\"\u001b[39m\n    at Object.<anonymous> (/home/mine/ai/claude-home/projects/solicitor-brain-v2/server/tests/pii-redactor.test.ts:150:35)\n    at Promise.then.completed (/home/mine/ai/claude-home/projects/solicitor-brain-v2/node_modules/jest-circus/build/utils.js:298:28)\n    at new Promise (<anonymous>)\n    at callAsyncCircusFn (/home/mine/ai/claude-home/projects/solicitor-brain-v2/node_modules/jest-circus/build/utils.js:231:10)\n    at _callCircusTest (/home/mine/ai/claude-home/projects/solicitor-brain-v2/node_modules/jest-circus/build/run.js:316:40)\n    at _runTest (/home/mine/ai/claude-home/projects/solicitor-brain-v2/node_modules/jest-circus/build/run.js:252:3)\n    at _runTestsForDescribeBlock (/home/mine/ai/claude-home/projects/solicitor-brain-v2/node_modules/jest-circus/build/run.js:126:9)\n    at _runTestsForDescribeBlock (/home/mine/ai/claude-home/projects/solicitor-brain-v2/node_modules/jest-circus/build/run.js:121:9)\n    at _runTestsForDescribeBlock (/home/mine/ai/claude-home/projects/solicitor-brain-v2/node_modules/jest-circus/build/run.js:121:9)\n    at run (/home/mine/ai/claude-home/projects/solicitor-brain-v2/node_modules/jest-circus/build/run.js:71:3)\n    at runAndTransformResultsToJestFormat (/home/mine/ai/claude-home/projects/solicitor-brain-v2/node_modules/jest-circus/build/legacy-code-todo-rewrite/jestAdapterInit.js:122:21)\n    at jestAdapter (/home/mine/ai/claude-home/projects/solicitor-brain-v2/node_modules/jest-circus/build/legacy-code-todo-rewrite/jestAdapter.js:79:19)\n    at runTestInternal (/home/mine/ai/claude-home/projects/solicitor-brain-v2/node_modules/jest-runner/build/runTest.js:367:16)\n    at runTest (/home/mine/ai/claude-home/projects/solicitor-brain-v2/node_modules/jest-runner/build/runTest.js:444:34)"],"fullName":"PIIRedactionService Email Addresses should partially redact emails","invocations":1,"location":null,"numPassingAsserts":0,"retryReasons":[],"status":"failed","title":"should partially redact emails"},{"ancestorTitles":["PIIRedactionService","Email Addresses"],"duration":4,"failureDetails":[{"matcherResult":{"actual":"test@example.com","expected":"[EMAIL_REDACTED]","message":"\u001b[2mexpect(\u001b[22m\u001b[31mreceived\u001b[39m\u001b[2m).\u001b[22mtoBe\u001b[2m(\u001b[22m\u001b[32mexpected\u001b[39m\u001b[2m) // Object.is equality\u001b[22m\n\nExpected: \u001b[32m\"[EMAIL_REDACTED]\"\u001b[39m\nReceived: \u001b[31m\"test@example.com\"\u001b[39m","name":"toBe","pass":false}}],"failureMessages":["Error: \u001b[2mexpect(\u001b[22m\u001b[31mreceived\u001b[39m\u001b[2m).\u001b[22mtoBe\u001b[2m(\u001b[22m\u001b[32mexpected\u001b[39m\u001b[2m) // Object.is equality\u001b[22m\n\nExpected: \u001b[32m\"[EMAIL_REDACTED]\"\u001b[39m\nReceived: \u001b[31m\"test@example.com\"\u001b[39m\n    at /home/mine/ai/claude-home/projects/solicitor-brain-v2/server/tests/pii-redactor.test.ts:162:37\n    at Array.forEach (<anonymous>)\n    at Object.<anonymous> (/home/mine/ai/claude-home/projects/solicitor-brain-v2/server/tests/pii-redactor.test.ts:160:18)\n    at Promise.then.completed (/home/mine/ai/claude-home/projects/solicitor-brain-v2/node_modules/jest-circus/build/utils.js:298:28)\n    at new Promise (<anonymous>)\n    at callAsyncCircusFn (/home/mine/ai/claude-home/projects/solicitor-brain-v2/node_modules/jest-circus/build/utils.js:231:10)\n    at _callCircusTest (/home/mine/ai/claude-home/projects/solicitor-brain-v2/node_modules/jest-circus/build/run.js:316:40)\n    at _runTest (/home/mine/ai/claude-home/projects/solicitor-brain-v2/node_modules/jest-circus/build/run.js:252:3)\n    at _runTestsForDescribeBlock (/home/mine/ai/claude-home/projects/solicitor-brain-v2/node_modules/jest-circus/build/run.js:126:9)\n    at _runTestsForDescribeBlock (/home/mine/ai/claude-home/projects/solicitor-brain-v2/node_modules/jest-circus/build/run.js:121:9)\n    at _runTestsForDescribeBlock (/home/mine/ai/claude-home/projects/solicitor-brain-v2/node_modules/jest-circus/build/run.js:121:9)\n    at run (/home/mine/ai/claude-home/projects/solicitor-brain-v2/node_modules/jest-circus/build/run.js:71:3)\n    at runAndTransformResultsToJestFormat (/home/mine/ai/claude-home/projects/solicitor-brain-v2/node_modules/jest-circus/build/legacy-code-todo-rewrite/jestAdapterInit.js:122:21)\n    at jestAdapter (/home/mine/ai/claude-home/projects/solicitor-brain-v2/node_modules/jest-circus/build/legacy-code-todo-rewrite/jestAdapter.js:79:19)\n    at runTestInternal (/home/mine/ai/claude-home/projects/solicitor-brain-v2/node_modules/jest-runner/build/runTest.js:367:16)\n    at runTest (/home/mine/ai/claude-home/projects/solicitor-brain-v2/node_modules/jest-runner/build/runTest.js:444:34)"],"fullName":"PIIRedactionService Email Addresses should handle multiple email formats","invocations":1,"location":null,"numPassingAsserts":0,"retryReasons":[],"status":"failed","title":"should handle multiple email formats"},{"ancestorTitles":["PIIRedactionService","UK Addresses"],"duration":5,"failureDetails":[{"matcherResult":{"actual":"123 [NAME_REDACTED]","expected":"[ADDRESS_REDACTED]","message":"\u001b[2mexpect(\u001b[22m\u001b[31mreceived\u001b[39m\u001b[2m).\u001b[22mtoBe\u001b[2m(\u001b[22m\u001b[32mexpected\u001b[39m\u001b[2m) // Object.is equality\u001b[22m\n\nExpected: \u001b[32m\"\u001b[7m[ADDRESS\u001b[27m_REDACTED]\"\u001b[39m\nReceived: \u001b[31m\"\u001b[7m123 [NAME\u001b[27m_REDACTED]\"\u001b[39m","name":"toBe","pass":false}}],"failureMessages":["Error: \u001b[2mexpect(\u001b[22m\u001b[31mreceived\u001b[39m\u001b[2m).\u001b[22mtoBe\u001b[2m(\u001b[22m\u001b[32mexpected\u001b[39m\u001b[2m) // Object.is equality\u001b[22m\n\nExpected: \u001b[32m\"\u001b[7m[ADDRESS\u001b[27m_REDACTED]\"\u001b[39m\nReceived: \u001b[31m\"\u001b[7m123 [NAME\u001b[27m_REDACTED]\"\u001b[39m\n    at /home/mine/ai/claude-home/projects/solicitor-brain-v2/server/tests/pii-redactor.test.ts:177:37\n    at Array.forEach (<anonymous>)\n    at Object.<anonymous> (/home/mine/ai/claude-home/projects/solicitor-brain-v2/server/tests/pii-redactor.test.ts:175:17)\n    at Promise.then.completed (/home/mine/ai/claude-home/projects/solicitor-brain-v2/node_modules/jest-circus/build/utils.js:298:28)\n    at new Promise (<anonymous>)\n    at callAsyncCircusFn (/home/mine/ai/claude-home/projects/solicitor-brain-v2/node_modules/jest-circus/build/utils.js:231:10)\n    at _callCircusTest (/home/mine/ai/claude-home/projects/solicitor-brain-v2/node_modules/jest-circus/build/run.js:316:40)\n    at _runTest (/home/mine/ai/claude-home/projects/solicitor-brain-v2/node_modules/jest-circus/build/run.js:252:3)\n    at _runTestsForDescribeBlock (/home/mine/ai/claude-home/projects/solicitor-brain-v2/node_modules/jest-circus/build/run.js:126:9)\n    at _runTestsForDescribeBlock (/home/mine/ai/claude-home/projects/solicitor-brain-v2/node_modules/jest-circus/build/run.js:121:9)\n    at _runTestsForDescribeBlock (/home/mine/ai/claude-home/projects/solicitor-brain-v2/node_modules/jest-circus/build/run.js:121:9)\n    at run (/home/mine/ai/claude-home/projects/solicitor-brain-v2/node_modules/jest-circus/build/run.js:71:3)\n    at runAndTransformResultsToJestFormat (/home/mine/ai/claude-home/projects/solicitor-brain-v2/node_modules/jest-circus/build/legacy-code-todo-rewrite/jestAdapterInit.js:122:21)\n    at jestAdapter (/home/mine/ai/claude-home/projects/solicitor-brain-v2/node_modules/jest-circus/build/legacy-code-todo-rewrite/jestAdapter.js:79:19)\n    at runTestInternal (/home/mine/ai/claude-home/projects/solicitor-brain-v2/node_modules/jest-runner/build/runTest.js:367:16)\n    at runTest (/home/mine/ai/claude-home/projects/solicitor-brain-v2/node_modules/jest-runner/build/runTest.js:444:34)"],"fullName":"PIIRedactionService UK Addresses should redact street addresses","invocations":1,"location":null,"numPassingAsserts":0,"retryReasons":[],"status":"failed","title":"should redact street addresses"},{"ancestorTitles":["PIIRedactionService","UK Addresses"],"duration":5,"failureDetails":[{"matcherResult":{"actual":"123 H*** S***","expected":"XX Street","message":"\u001b[2mexpect(\u001b[22m\u001b[31mreceived\u001b[39m\u001b[2m).\u001b[22mtoBe\u001b[2m(\u001b[22m\u001b[32mexpected\u001b[39m\u001b[2m) // Object.is equality\u001b[22m\n\nExpected: \u001b[32m\"XX Street\"\u001b[39m\nReceived: \u001b[31m\"123 H*** S***\"\u001b[39m","name":"toBe","pass":false}}],"failureMessages":["Error: \u001b[2mexpect(\u001b[22m\u001b[31mreceived\u001b[39m\u001b[2m).\u001b[22mtoBe\u001b[2m(\u001b[22m\u001b[32mexpected\u001b[39m\u001b[2m) // Object.is equality\u001b[22m\n\nExpected: \u001b[32m\"XX Street\"\u001b[39m\nReceived: \u001b[31m\"123 H*** S***\"\u001b[39m\n    at Object.<anonymous> (/home/mine/ai/claude-home/projects/solicitor-brain-v2/server/tests/pii-redactor.test.ts:183:35)\n    at Promise.then.completed (/home/mine/ai/claude-home/projects/solicitor-brain-v2/node_modules/jest-circus/build/utils.js:298:28)\n    at new Promise (<anonymous>)\n    at callAsyncCircusFn (/home/mine/ai/claude-home/projects/solicitor-brain-v2/node_modules/jest-circus/build/utils.js:231:10)\n    at _callCircusTest (/home/mine/ai/claude-home/projects/solicitor-brain-v2/node_modules/jest-circus/build/run.js:316:40)\n    at _runTest (/home/mine/ai/claude-home/projects/solicitor-brain-v2/node_modules/jest-circus/build/run.js:252:3)\n    at _runTestsForDescribeBlock (/home/mine/ai/claude-home/projects/solicitor-brain-v2/node_modules/jest-circus/build/run.js:126:9)\n    at _runTestsForDescribeBlock (/home/mine/ai/claude-home/projects/solicitor-brain-v2/node_modules/jest-circus/build/run.js:121:9)\n    at _runTestsForDescribeBlock (/home/mine/ai/claude-home/projects/solicitor-brain-v2/node_modules/jest-circus/build/run.js:121:9)\n    at run (/home/mine/ai/claude-home/projects/solicitor-brain-v2/node_modules/jest-circus/build/run.js:71:3)\n    at runAndTransformResultsToJestFormat (/home/mine/ai/claude-home/projects/solicitor-brain-v2/node_modules/jest-circus/build/legacy-code-todo-rewrite/jestAdapterInit.js:122:21)\n    at jestAdapter (/home/mine/ai/claude-home/projects/solicitor-brain-v2/node_modules/jest-circus/build/legacy-code-todo-rewrite/jestAdapter.js:79:19)\n    at runTestInternal (/home/mine/ai/claude-home/projects/solicitor-brain-v2/node_modules/jest-runner/build/runTest.js:367:16)\n    at runTest (/home/mine/ai/claude-home/projects/solicitor-brain-v2/node_modules/jest-runner/build/runTest.js:444:34)"],"fullName":"PIIRedactionService UK Addresses should partially redact addresses","invocations":1,"location":null,"numPassingAsserts":0,"retryReasons":[],"status":"failed","title":"should partially redact addresses"},{"ancestorTitles":["PIIRedactionService","Financial Information"],"duration":4,"failureDetails":[],"failureMessages":[],"fullName":"PIIRedactionService Financial Information should redact bank account numbers","invocations":1,"location":null,"numPassingAsserts":2,"retryReasons":[],"status":"passed","title":"should redact bank account numbers"},{"ancestorTitles":["PIIRedactionService","Financial Information"],"duration":11,"failureDetails":[{"matcherResult":{"actual":"Sort: 123456","expected":"Sort: [SORT_REDACTED]","message":"\u001b[2mexpect(\u001b[22m\u001b[31mreceived\u001b[39m\u001b[2m).\u001b[22mtoBe\u001b[2m(\u001b[22m\u001b[32mexpected\u001b[39m\u001b[2m) // Object.is equality\u001b[22m\n\nExpected: \u001b[32m\"Sort: \u001b[7m[SORT_REDACTED]\u001b[27m\"\u001b[39m\nReceived: \u001b[31m\"Sort: \u001b[7m123456\u001b[27m\"\u001b[39m","name":"toBe","pass":false}}],"failureMessages":["Error: \u001b[2mexpect(\u001b[22m\u001b[31mreceived\u001b[39m\u001b[2m).\u001b[22mtoBe\u001b[2m(\u001b[22m\u001b[32mexpected\u001b[39m\u001b[2m) // Object.is equality\u001b[22m\n\nExpected: \u001b[32m\"Sort: \u001b[7m[SORT_REDACTED]\u001b[27m\"\u001b[39m\nReceived: \u001b[31m\"Sort: \u001b[7m123456\u001b[27m\"\u001b[39m\n    at /home/mine/ai/claude-home/projects/solicitor-brain-v2/server/tests/pii-redactor.test.ts:199:37\n    at Array.forEach (<anonymous>)\n    at Object.<anonymous> (/home/mine/ai/claude-home/projects/solicitor-brain-v2/server/tests/pii-redactor.test.ts:197:17)\n    at Promise.then.completed (/home/mine/ai/claude-home/projects/solicitor-brain-v2/node_modules/jest-circus/build/utils.js:298:28)\n    at new Promise (<anonymous>)\n    at callAsyncCircusFn (/home/mine/ai/claude-home/projects/solicitor-brain-v2/node_modules/jest-circus/build/utils.js:231:10)\n    at _callCircusTest (/home/mine/ai/claude-home/projects/solicitor-brain-v2/node_modules/jest-circus/build/run.js:316:40)\n    at _runTest (/home/mine/ai/claude-home/projects/solicitor-brain-v2/node_modules/jest-circus/build/run.js:252:3)\n    at _runTestsForDescribeBlock (/home/mine/ai/claude-home/projects/solicitor-brain-v2/node_modules/jest-circus/build/run.js:126:9)\n    at _runTestsForDescribeBlock (/home/mine/ai/claude-home/projects/solicitor-brain-v2/node_modules/jest-circus/build/run.js:121:9)\n    at _runTestsForDescribeBlock (/home/mine/ai/claude-home/projects/solicitor-brain-v2/node_modules/jest-circus/build/run.js:121:9)\n    at run (/home/mine/ai/claude-home/projects/solicitor-brain-v2/node_modules/jest-circus/build/run.js:71:3)\n    at runAndTransformResultsToJestFormat (/home/mine/ai/claude-home/projects/solicitor-brain-v2/node_modules/jest-circus/build/legacy-code-todo-rewrite/jestAdapterInit.js:122:21)\n    at jestAdapter (/home/mine/ai/claude-home/projects/solicitor-brain-v2/node_modules/jest-circus/build/legacy-code-todo-rewrite/jestAdapter.js:79:19)\n    at runTestInternal (/home/mine/ai/claude-home/projects/solicitor-brain-v2/node_modules/jest-runner/build/runTest.js:367:16)\n    at runTest (/home/mine/ai/claude-home/projects/solicitor-brain-v2/node_modules/jest-runner/build/runTest.js:444:34)"],"fullName":"PIIRedactionService Financial Information should redact sort codes","invocations":1,"location":null,"numPassingAsserts":2,"retryReasons":[],"status":"failed","title":"should redact sort codes"},{"ancestorTitles":["PIIRedactionService","Financial Information"],"duration":4,"failureDetails":[{"matcherResult":{"actual":"1234 5678 9012 3456","expected":"[CARD_REDACTED]","message":"\u001b[2mexpect(\u001b[22m\u001b[31mreceived\u001b[39m\u001b[2m).\u001b[22mtoBe\u001b[2m(\u001b[22m\u001b[32mexpected\u001b[39m\u001b[2m) // Object.is equality\u001b[22m\n\nExpected: \u001b[32m\"[CARD_REDACTED]\"\u001b[39m\nReceived: \u001b[31m\"1234 5678 9012 3456\"\u001b[39m","name":"toBe","pass":false}}],"failureMessages":["Error: \u001b[2mexpect(\u001b[22m\u001b[31mreceived\u001b[39m\u001b[2m).\u001b[22mtoBe\u001b[2m(\u001b[22m\u001b[32mexpected\u001b[39m\u001b[2m) // Object.is equality\u001b[22m\n\nExpected: \u001b[32m\"[CARD_REDACTED]\"\u001b[39m\nReceived: \u001b[31m\"1234 5678 9012 3456\"\u001b[39m\n    at /home/mine/ai/claude-home/projects/solicitor-brain-v2/server/tests/pii-redactor.test.ts:212:37\n    at Array.forEach (<anonymous>)\n    at Object.<anonymous> (/home/mine/ai/claude-home/projects/solicitor-brain-v2/server/tests/pii-redactor.test.ts:210:19)\n    at Promise.then.completed (/home/mine/ai/claude-home/projects/solicitor-brain-v2/node_modules/jest-circus/build/utils.js:298:28)\n    at new Promise (<anonymous>)\n    at callAsyncCircusFn (/home/mine/ai/claude-home/projects/solicitor-brain-v2/node_modules/jest-circus/build/utils.js:231:10)\n    at _callCircusTest (/home/mine/ai/claude-home/projects/solicitor-brain-v2/node_modules/jest-circus/build/run.js:316:40)\n    at _runTest (/home/mine/ai/claude-home/projects/solicitor-brain-v2/node_modules/jest-circus/build/run.js:252:3)\n    at _runTestsForDescribeBlock (/home/mine/ai/claude-home/projects/solicitor-brain-v2/node_modules/jest-circus/build/run.js:126:9)\n    at _runTestsForDescribeBlock (/home/mine/ai/claude-home/projects/solicitor-brain-v2/node_modules/jest-circus/build/run.js:121:9)\n    at _runTestsForDescribeBlock (/home/mine/ai/claude-home/projects/solicitor-brain-v2/node_modules/jest-circus/build/run.js:121:9)\n    at run (/home/mine/ai/claude-home/projects/solicitor-brain-v2/node_modules/jest-circus/build/run.js:71:3)\n    at runAndTransformResultsToJestFormat (/home/mine/ai/claude-home/projects/solicitor-brain-v2/node_modules/jest-circus/build/legacy-code-todo-rewrite/jestAdapterInit.js:122:21)\n    at jestAdapter (/home/mine/ai/claude-home/projects/solicitor-brain-v2/node_modules/jest-circus/build/legacy-code-todo-rewrite/jestAdapter.js:79:19)\n    at runTestInternal (/home/mine/ai/claude-home/projects/solicitor-brain-v2/node_modules/jest-runner/build/runTest.js:367:16)\n    at runTest (/home/mine/ai/claude-home/projects/solicitor-brain-v2/node_modules/jest-runner/build/runTest.js:444:34)"],"fullName":"PIIRedactionService Financial Information should redact credit card numbers","invocations":1,"location":null,"numPassingAsserts":0,"retryReasons":[],"status":"failed","title":"should redact credit card numbers"},{"ancestorTitles":["PIIRedactionService","Financial Information"],"duration":3,"failureDetails":[{"matcherResult":{"actual":"1234 5678 9012 3456","expected":"XXXX-XXXX-XXXX-3456","message":"\u001b[2mexpect(\u001b[22m\u001b[31mreceived\u001b[39m\u001b[2m).\u001b[22mtoBe\u001b[2m(\u001b[22m\u001b[32mexpected\u001b[39m\u001b[2m) // Object.is equality\u001b[22m\n\nExpected: \u001b[32m\"\u001b[7mXXXX-XXXX-XXXX-\u001b[27m3456\"\u001b[39m\nReceived: \u001b[31m\"\u001b[7m1234 5678 9012 \u001b[27m3456\"\u001b[39m","name":"toBe","pass":false}}],"failureMessages":["Error: \u001b[2mexpect(\u001b[22m\u001b[31mreceived\u001b[39m\u001b[2m).\u001b[22mtoBe\u001b[2m(\u001b[22m\u001b[32mexpected\u001b[39m\u001b[2m) // Object.is equality\u001b[22m\n\nExpected: \u001b[32m\"\u001b[7mXXXX-XXXX-XXXX-\u001b[27m3456\"\u001b[39m\nReceived: \u001b[31m\"\u001b[7m1234 5678 9012 \u001b[27m3456\"\u001b[39m\n    at Object.<anonymous> (/home/mine/ai/claude-home/projects/solicitor-brain-v2/server/tests/pii-redactor.test.ts:218:35)\n    at Promise.then.completed (/home/mine/ai/claude-home/projects/solicitor-brain-v2/node_modules/jest-circus/build/utils.js:298:28)\n    at new Promise (<anonymous>)\n    at callAsyncCircusFn (/home/mine/ai/claude-home/projects/solicitor-brain-v2/node_modules/jest-circus/build/utils.js:231:10)\n    at _callCircusTest (/home/mine/ai/claude-home/projects/solicitor-brain-v2/node_modules/jest-circus/build/run.js:316:40)\n    at _runTest (/home/mine/ai/claude-home/projects/solicitor-brain-v2/node_modules/jest-circus/build/run.js:252:3)\n    at _runTestsForDescribeBlock (/home/mine/ai/claude-home/projects/solicitor-brain-v2/node_modules/jest-circus/build/run.js:126:9)\n    at _runTestsForDescribeBlock (/home/mine/ai/claude-home/projects/solicitor-brain-v2/node_modules/jest-circus/build/run.js:121:9)\n    at _runTestsForDescribeBlock (/home/mine/ai/claude-home/projects/solicitor-brain-v2/node_modules/jest-circus/build/run.js:121:9)\n    at run (/home/mine/ai/claude-home/projects/solicitor-brain-v2/node_modules/jest-circus/build/run.js:71:3)\n    at runAndTransformResultsToJestFormat (/home/mine/ai/claude-home/projects/solicitor-brain-v2/node_modules/jest-circus/build/legacy-code-todo-rewrite/jestAdapterInit.js:122:21)\n    at jestAdapter (/home/mine/ai/claude-home/projects/solicitor-brain-v2/node_modules/jest-circus/build/legacy-code-todo-rewrite/jestAdapter.js:79:19)\n    at runTestInternal (/home/mine/ai/claude-home/projects/solicitor-brain-v2/node_modules/jest-runner/build/runTest.js:367:16)\n    at runTest (/home/mine/ai/claude-home/projects/solicitor-brain-v2/node_modules/jest-runner/build/runTest.js:444:34)"],"fullName":"PIIRedactionService Financial Information should partially redact financial information","invocations":1,"location":null,"numPassingAsserts":0,"retryReasons":[],"status":"failed","title":"should partially redact financial information"},{"ancestorTitles":["PIIRedactionService","Legal References"],"duration":3,"failureDetails":[{"matcherResult":{"actual":"CASE-123456","expected":"[CASE_REF_REDACTED]","message":"\u001b[2mexpect(\u001b[22m\u001b[31mreceived\u001b[39m\u001b[2m).\u001b[22mtoBe\u001b[2m(\u001b[22m\u001b[32mexpected\u001b[39m\u001b[2m) // Object.is equality\u001b[22m\n\nExpected: \u001b[32m\"\u001b[7m[\u001b[27mCASE\u001b[7m_REF_REDACTED]\u001b[27m\"\u001b[39m\nReceived: \u001b[31m\"CASE\u001b[7m-123456\u001b[27m\"\u001b[39m","name":"toBe","pass":false}}],"failureMessages":["Error: \u001b[2mexpect(\u001b[22m\u001b[31mreceived\u001b[39m\u001b[2m).\u001b[22mtoBe\u001b[2m(\u001b[22m\u001b[32mexpected\u001b[39m\u001b[2m) // Object.is equality\u001b[22m\n\nExpected: \u001b[32m\"\u001b[7m[\u001b[27mCASE\u001b[7m_REF_REDACTED]\u001b[27m\"\u001b[39m\nReceived: \u001b[31m\"CASE\u001b[7m-123456\u001b[27m\"\u001b[39m\n    at /home/mine/ai/claude-home/projects/solicitor-brain-v2/server/tests/pii-redactor.test.ts:233:37\n    at Array.forEach (<anonymous>)\n    at Object.<anonymous> (/home/mine/ai/claude-home/projects/solicitor-brain-v2/server/tests/pii-redactor.test.ts:231:16)\n    at Promise.then.completed (/home/mine/ai/claude-home/projects/solicitor-brain-v2/node_modules/jest-circus/build/utils.js:298:28)\n    at new Promise (<anonymous>)\n    at callAsyncCircusFn (/home/mine/ai/claude-home/projects/solicitor-brain-v2/node_modules/jest-circus/build/utils.js:231:10)\n    at _callCircusTest (/home/mine/ai/claude-home/projects/solicitor-brain-v2/node_modules/jest-circus/build/run.js:316:40)\n    at _runTest (/home/mine/ai/claude-home/projects/solicitor-brain-v2/node_modules/jest-circus/build/run.js:252:3)\n    at _runTestsForDescribeBlock (/home/mine/ai/claude-home/projects/solicitor-brain-v2/node_modules/jest-circus/build/run.js:126:9)\n    at _runTestsForDescribeBlock (/home/mine/ai/claude-home/projects/solicitor-brain-v2/node_modules/jest-circus/build/run.js:121:9)\n    at _runTestsForDescribeBlock (/home/mine/ai/claude-home/projects/solicitor-brain-v2/node_modules/jest-circus/build/run.js:121:9)\n    at run (/home/mine/ai/claude-home/projects/solicitor-brain-v2/node_modules/jest-circus/build/run.js:71:3)\n    at runAndTransformResultsToJestFormat (/home/mine/ai/claude-home/projects/solicitor-brain-v2/node_modules/jest-circus/build/legacy-code-todo-rewrite/jestAdapterInit.js:122:21)\n    at jestAdapter (/home/mine/ai/claude-home/projects/solicitor-brain-v2/node_modules/jest-circus/build/legacy-code-todo-rewrite/jestAdapter.js:79:19)\n    at runTestInternal (/home/mine/ai/claude-home/projects/solicitor-brain-v2/node_modules/jest-runner/build/runTest.js:367:16)\n    at runTest (/home/mine/ai/claude-home/projects/solicitor-brain-v2/node_modules/jest-runner/build/runTest.js:444:34)"],"fullName":"PIIRedactionService Legal References should redact case reference numbers","invocations":1,"location":null,"numPassingAsserts":0,"retryReasons":[],"status":"failed","title":"should redact case reference numbers"},{"ancestorTitles":["PIIRedactionService","Legal References"],"duration":3,"failureDetails":[{"matcherResult":{"actual":"CASE-123456","expected":"CASE-XXXX","message":"\u001b[2mexpect(\u001b[22m\u001b[31mreceived\u001b[39m\u001b[2m).\u001b[22mtoBe\u001b[2m(\u001b[22m\u001b[32mexpected\u001b[39m\u001b[2m) // Object.is equality\u001b[22m\n\nExpected: \u001b[32m\"CASE-\u001b[7mXXXX\u001b[27m\"\u001b[39m\nReceived: \u001b[31m\"CASE-\u001b[7m123456\u001b[27m\"\u001b[39m","name":"toBe","pass":false}}],"failureMessages":["Error: \u001b[2mexpect(\u001b[22m\u001b[31mreceived\u001b[39m\u001b[2m).\u001b[22mtoBe\u001b[2m(\u001b[22m\u001b[32mexpected\u001b[39m\u001b[2m) // Object.is equality\u001b[22m\n\nExpected: \u001b[32m\"CASE-\u001b[7mXXXX\u001b[27m\"\u001b[39m\nReceived: \u001b[31m\"CASE-\u001b[7m123456\u001b[27m\"\u001b[39m\n    at Object.<anonymous> (/home/mine/ai/claude-home/projects/solicitor-brain-v2/server/tests/pii-redactor.test.ts:239:35)\n    at Promise.then.completed (/home/mine/ai/claude-home/projects/solicitor-brain-v2/node_modules/jest-circus/build/utils.js:298:28)\n    at new Promise (<anonymous>)\n    at callAsyncCircusFn (/home/mine/ai/claude-home/projects/solicitor-brain-v2/node_modules/jest-circus/build/utils.js:231:10)\n    at _callCircusTest (/home/mine/ai/claude-home/projects/solicitor-brain-v2/node_modules/jest-circus/build/run.js:316:40)\n    at _runTest (/home/mine/ai/claude-home/projects/solicitor-brain-v2/node_modules/jest-circus/build/run.js:252:3)\n    at _runTestsForDescribeBlock (/home/mine/ai/claude-home/projects/solicitor-brain-v2/node_modules/jest-circus/build/run.js:126:9)\n    at _runTestsForDescribeBlock (/home/mine/ai/claude-home/projects/solicitor-brain-v2/node_modules/jest-circus/build/run.js:121:9)\n    at _runTestsForDescribeBlock (/home/mine/ai/claude-home/projects/solicitor-brain-v2/node_modules/jest-circus/build/run.js:121:9)\n    at run (/home/mine/ai/claude-home/projects/solicitor-brain-v2/node_modules/jest-circus/build/run.js:71:3)\n    at runAndTransformResultsToJestFormat (/home/mine/ai/claude-home/projects/solicitor-brain-v2/node_modules/jest-circus/build/legacy-code-todo-rewrite/jestAdapterInit.js:122:21)\n    at jestAdapter (/home/mine/ai/claude-home/projects/solicitor-brain-v2/node_modules/jest-circus/build/legacy-code-todo-rewrite/jestAdapter.js:79:19)\n    at runTestInternal (/home/mine/ai/claude-home/projects/solicitor-brain-v2/node_modules/jest-runner/build/runTest.js:367:16)\n    at runTest (/home/mine/ai/claude-home/projects/solicitor-brain-v2/node_modules/jest-runner/build/runTest.js:444:34)"],"fullName":"PIIRedactionService Legal References should partially redact case references","invocations":1,"location":null,"numPassingAsserts":0,"retryReasons":[],"status":"failed","title":"should partially redact case references"},{"ancestorTitles":["PIIRedactionService","Dates of Birth"],"duration":15,"failureDetails":[],"failureMessages":[],"fullName":"PIIRedactionService Dates of Birth should redact DOB in various formats","invocations":1,"location":null,"numPassingAsserts":4,"retryReasons":[],"status":"passed","title":"should redact DOB in various formats"},{"ancestorTitles":["PIIRedactionService","JWT Tokens"],"duration":4,"failureDetails":[{"matcherResult":{"actual":"eyJhbGciOiJIUzI1NiIsInR5cCI6IkpXVCJ9.eyJzdWIiOiIxMjM0NTY3ODkwIiwibmFtZSI6IkpvaG4gRG9lIiwiaWF0IjoxNTE2MjM5MDIyfQ.SflKxwRJSMeKKF2QT4fwpMeJf36POk6yJV_adQssw5c","expected":"[JWT_REDACTED]","message":"\u001b[2mexpect(\u001b[22m\u001b[31mreceived\u001b[39m\u001b[2m).\u001b[22mtoBe\u001b[2m(\u001b[22m\u001b[32mexpected\u001b[39m\u001b[2m) // Object.is equality\u001b[22m\n\nExpected: \u001b[32m\"[JWT_REDACTED]\"\u001b[39m\nReceived: \u001b[31m\"eyJhbGciOiJIUzI1NiIsInR5cCI6IkpXVCJ9.eyJzdWIiOiIxMjM0NTY3ODkwIiwibmFtZSI6IkpvaG4gRG9lIiwiaWF0IjoxNTE2MjM5MDIyfQ.SflKxwRJSMeKKF2QT4fwpMeJf36POk6yJV_adQssw5c\"\u001b[39m","name":"toBe","pass":false}}],"failureMessages":["Error: \u001b[2mexpect(\u001b[22m\u001b[31mreceived\u001b[39m\u001b[2m).\u001b[22mtoBe\u001b[2m(\u001b[22m\u001b[32mexpected\u001b[39m\u001b[2m) // Object.is equality\u001b[22m\n\nExpected: \u001b[32m\"[JWT_REDACTED]\"\u001b[39m\nReceived: \u001b[31m\"eyJhbGciOiJIUzI1NiIsInR5cCI6IkpXVCJ9.eyJzdWIiOiIxMjM0NTY3ODkwIiwibmFtZSI6IkpvaG4gRG9lIiwiaWF0IjoxNTE2MjM5MDIyfQ.SflKxwRJSMeKKF2QT4fwpMeJf36POk6yJV_adQssw5c\"\u001b[39m\n    at Object.<anonymous> (/home/mine/ai/claude-home/projects/solicitor-brain-v2/server/tests/pii-redactor.test.ts:264:35)\n    at Promise.then.completed (/home/mine/ai/claude-home/projects/solicitor-brain-v2/node_modules/jest-circus/build/utils.js:298:28)\n    at new Promise (<anonymous>)\n    at callAsyncCircusFn (/home/mine/ai/claude-home/projects/solicitor-brain-v2/node_modules/jest-circus/build/utils.js:231:10)\n    at _callCircusTest (/home/mine/ai/claude-home/projects/solicitor-brain-v2/node_modules/jest-circus/build/run.js:316:40)\n    at _runTest (/home/mine/ai/claude-home/projects/solicitor-brain-v2/node_modules/jest-circus/build/run.js:252:3)\n    at _runTestsForDescribeBlock (/home/mine/ai/claude-home/projects/solicitor-brain-v2/node_modules/jest-circus/build/run.js:126:9)\n    at _runTestsForDescribeBlock (/home/mine/ai/claude-home/projects/solicitor-brain-v2/node_modules/jest-circus/build/run.js:121:9)\n    at _runTestsForDescribeBlock (/home/mine/ai/claude-home/projects/solicitor-brain-v2/node_modules/jest-circus/build/run.js:121:9)\n    at run (/home/mine/ai/claude-home/projects/solicitor-brain-v2/node_modules/jest-circus/build/run.js:71:3)\n    at runAndTransformResultsToJestFormat (/home/mine/ai/claude-home/projects/solicitor-brain-v2/node_modules/jest-circus/build/legacy-code-todo-rewrite/jestAdapterInit.js:122:21)\n    at jestAdapter (/home/mine/ai/claude-home/projects/solicitor-brain-v2/node_modules/jest-circus/build/legacy-code-todo-rewrite/jestAdapter.js:79:19)\n    at runTestInternal (/home/mine/ai/claude-home/projects/solicitor-brain-v2/node_modules/jest-runner/build/runTest.js:367:16)\n    at runTest (/home/mine/ai/claude-home/projects/solicitor-brain-v2/node_modules/jest-runner/build/runTest.js:444:34)"],"fullName":"PIIRedactionService JWT Tokens should redact JWT tokens","invocations":1,"location":null,"numPassingAsserts":0,"retryReasons":[],"status":"failed","title":"should redact JWT tokens"},{"ancestorTitles":["PIIRedactionService","Object Redaction"],"duration":25,"failureDetails":[{"matcherResult":{"actual":"John Smith","expected":"[NAME_REDACTED]","message":"\u001b[2mexpect(\u001b[22m\u001b[31mreceived\u001b[39m\u001b[2m).\u001b[22mtoBe\u001b[2m(\u001b[22m\u001b[32mexpected\u001b[39m\u001b[2m) // Object.is equality\u001b[22m\n\nExpected: \u001b[32m\"[NAME_REDACTED]\"\u001b[39m\nReceived: \u001b[31m\"John Smith\"\u001b[39m","name":"toBe","pass":false}}],"failureMessages":["Error: \u001b[2mexpect(\u001b[22m\u001b[31mreceived\u001b[39m\u001b[2m).\u001b[22mtoBe\u001b[2m(\u001b[22m\u001b[32mexpected\u001b[39m\u001b[2m) // Object.is equality\u001b[22m\n\nExpected: \u001b[32m\"[NAME_REDACTED]\"\u001b[39m\nReceived: \u001b[31m\"John Smith\"\u001b[39m\n    at Object.<anonymous> (/home/mine/ai/claude-home/projects/solicitor-brain-v2/server/tests/pii-redactor.test.ts:288:36)\n    at Promise.then.completed (/home/mine/ai/claude-home/projects/solicitor-brain-v2/node_modules/jest-circus/build/utils.js:298:28)\n    at new Promise (<anonymous>)\n    at callAsyncCircusFn (/home/mine/ai/claude-home/projects/solicitor-brain-v2/node_modules/jest-circus/build/utils.js:231:10)\n    at _callCircusTest (/home/mine/ai/claude-home/projects/solicitor-brain-v2/node_modules/jest-circus/build/run.js:316:40)\n    at _runTest (/home/mine/ai/claude-home/projects/solicitor-brain-v2/node_modules/jest-circus/build/run.js:252:3)\n    at _runTestsForDescribeBlock (/home/mine/ai/claude-home/projects/solicitor-brain-v2/node_modules/jest-circus/build/run.js:126:9)\n    at _runTestsForDescribeBlock (/home/mine/ai/claude-home/projects/solicitor-brain-v2/node_modules/jest-circus/build/run.js:121:9)\n    at _runTestsForDescribeBlock (/home/mine/ai/claude-home/projects/solicitor-brain-v2/node_modules/jest-circus/build/run.js:121:9)\n    at run (/home/mine/ai/claude-home/projects/solicitor-brain-v2/node_modules/jest-circus/build/run.js:71:3)\n    at runAndTransformResultsToJestFormat (/home/mine/ai/claude-home/projects/solicitor-brain-v2/node_modules/jest-circus/build/legacy-code-todo-rewrite/jestAdapterInit.js:122:21)\n    at jestAdapter (/home/mine/ai/claude-home/projects/solicitor-brain-v2/node_modules/jest-circus/build/legacy-code-todo-rewrite/jestAdapter.js:79:19)\n    at runTestInternal (/home/mine/ai/claude-home/projects/solicitor-brain-v2/node_modules/jest-runner/build/runTest.js:367:16)\n    at runTest (/home/mine/ai/claude-home/projects/solicitor-brain-v2/node_modules/jest-runner/build/runTest.js:444:34)"],"fullName":"PIIRedactionService Object Redaction should redact PII in nested objects","invocations":1,"location":null,"numPassingAsserts":0,"retryReasons":[],"status":"failed","title":"should redact PII in nested objects"},{"ancestorTitles":["PIIRedactionService","Object Redaction"],"duration":15,"failureDetails":[{"matcherResult":{"actual":"John Smith","expected":"[NAME_REDACTED]","message":"\u001b[2mexpect(\u001b[22m\u001b[31mreceived\u001b[39m\u001b[2m).\u001b[22mtoBe\u001b[2m(\u001b[22m\u001b[32mexpected\u001b[39m\u001b[2m) // Object.is equality\u001b[22m\n\nExpected: \u001b[32m\"[NAME_REDACTED]\"\u001b[39m\nReceived: \u001b[31m\"John Smith\"\u001b[39m","name":"toBe","pass":false}}],"failureMessages":["Error: \u001b[2mexpect(\u001b[22m\u001b[31mreceived\u001b[39m\u001b[2m).\u001b[22mtoBe\u001b[2m(\u001b[22m\u001b[32mexpected\u001b[39m\u001b[2m) // Object.is equality\u001b[22m\n\nExpected: \u001b[32m\"[NAME_REDACTED]\"\u001b[39m\nReceived: \u001b[31m\"John Smith\"\u001b[39m\n    at Object.<anonymous> (/home/mine/ai/claude-home/projects/solicitor-brain-v2/server/tests/pii-redactor.test.ts:306:40)\n    at Promise.then.completed (/home/mine/ai/claude-home/projects/solicitor-brain-v2/node_modules/jest-circus/build/utils.js:298:28)\n    at new Promise (<anonymous>)\n    at callAsyncCircusFn (/home/mine/ai/claude-home/projects/solicitor-brain-v2/node_modules/jest-circus/build/utils.js:231:10)\n    at _callCircusTest (/home/mine/ai/claude-home/projects/solicitor-brain-v2/node_modules/jest-circus/build/run.js:316:40)\n    at _runTest (/home/mine/ai/claude-home/projects/solicitor-brain-v2/node_modules/jest-circus/build/run.js:252:3)\n    at _runTestsForDescribeBlock (/home/mine/ai/claude-home/projects/solicitor-brain-v2/node_modules/jest-circus/build/run.js:126:9)\n    at _runTestsForDescribeBlock (/home/mine/ai/claude-home/projects/solicitor-brain-v2/node_modules/jest-circus/build/run.js:121:9)\n    at _runTestsForDescribeBlock (/home/mine/ai/claude-home/projects/solicitor-brain-v2/node_modules/jest-circus/build/run.js:121:9)\n    at run (/home/mine/ai/claude-home/projects/solicitor-brain-v2/node_modules/jest-circus/build/run.js:71:3)\n    at runAndTransformResultsToJestFormat (/home/mine/ai/claude-home/projects/solicitor-brain-v2/node_modules/jest-circus/build/legacy-code-todo-rewrite/jestAdapterInit.js:122:21)\n    at jestAdapter (/home/mine/ai/claude-home/projects/solicitor-brain-v2/node_modules/jest-circus/build/legacy-code-todo-rewrite/jestAdapter.js:79:19)\n    at runTestInternal (/home/mine/ai/claude-home/projects/solicitor-brain-v2/node_modules/jest-runner/build/runTest.js:367:16)\n    at runTest (/home/mine/ai/claude-home/projects/solicitor-brain-v2/node_modules/jest-runner/build/runTest.js:444:34)"],"fullName":"PIIRedactionService Object Redaction should handle arrays in objects","invocations":1,"location":null,"numPassingAsserts":0,"retryReasons":[],"status":"failed","title":"should handle arrays in objects"},{"ancestorTitles":["PIIRedactionService","PII Detection"],"duration":1,"failureDetails":[],"failureMessages":[],"fullName":"PIIRedactionService PII Detection should detect PII without redacting","invocations":1,"location":null,"numPassingAsserts":7,"retryReasons":[],"status":"passed","title":"should detect PII without redacting"},{"ancestorTitles":["PIIRedactionService","PII Detection"],"duration":1,"failureDetails":[],"failureMessages":[],"fullName":"PIIRedactionService PII Detection should return false for text without PII","invocations":1,"location":null,"numPassingAsserts":3,"retryReasons":[],"status":"passed","title":"should return false for text without PII"},{"ancestorTitles":["PIIRedactionService","Role-based Redaction"],"duration":8,"failureDetails":[{"matcherResult":{"message":"\u001b[2mexpect(\u001b[22m\u001b[31mreceived\u001b[39m\u001b[2m).\u001b[22mtoContain\u001b[2m(\u001b[22m\u001b[32mexpected\u001b[39m\u001b[2m) // indexOf\u001b[22m\n\nExpected substring: \u001b[32m\"J***\"\u001b[39m\nReceived string:    \u001b[31m\"John Smith email: jo***@example.com\"\u001b[39m","pass":false}}],"failureMessages":["Error: \u001b[2mexpect(\u001b[22m\u001b[31mreceived\u001b[39m\u001b[2m).\u001b[22mtoContain\u001b[2m(\u001b[22m\u001b[32mexpected\u001b[39m\u001b[2m) // indexOf\u001b[22m\n\nExpected substring: \u001b[32m\"J***\"\u001b[39m\nReceived string:    \u001b[31m\"John Smith email: jo***@example.com\"\u001b[39m\n    at Object.<anonymous> (/home/mine/ai/claude-home/projects/solicitor-brain-v2/server/tests/pii-redactor.test.ts:346:44)\n    at Promise.then.completed (/home/mine/ai/claude-home/projects/solicitor-brain-v2/node_modules/jest-circus/build/utils.js:298:28)\n    at new Promise (<anonymous>)\n    at callAsyncCircusFn (/home/mine/ai/claude-home/projects/solicitor-brain-v2/node_modules/jest-circus/build/utils.js:231:10)\n    at _callCircusTest (/home/mine/ai/claude-home/projects/solicitor-brain-v2/node_modules/jest-circus/build/run.js:316:40)\n    at _runTest (/home/mine/ai/claude-home/projects/solicitor-brain-v2/node_modules/jest-circus/build/run.js:252:3)\n    at _runTestsForDescribeBlock (/home/mine/ai/claude-home/projects/solicitor-brain-v2/node_modules/jest-circus/build/run.js:126:9)\n    at _runTestsForDescribeBlock (/home/mine/ai/claude-home/projects/solicitor-brain-v2/node_modules/jest-circus/build/run.js:121:9)\n    at _runTestsForDescribeBlock (/home/mine/ai/claude-home/projects/solicitor-brain-v2/node_modules/jest-circus/build/run.js:121:9)\n    at run (/home/mine/ai/claude-home/projects/solicitor-brain-v2/node_modules/jest-circus/build/run.js:71:3)\n    at runAndTransformResultsToJestFormat (/home/mine/ai/claude-home/projects/solicitor-brain-v2/node_modules/jest-circus/build/legacy-code-todo-rewrite/jestAdapterInit.js:122:21)\n    at jestAdapter (/home/mine/ai/claude-home/projects/solicitor-brain-v2/node_modules/jest-circus/build/legacy-code-todo-rewrite/jestAdapter.js:79:19)\n    at runTestInternal (/home/mine/ai/claude-home/projects/solicitor-brain-v2/node_modules/jest-runner/build/runTest.js:367:16)\n    at runTest (/home/mine/ai/claude-home/projects/solicitor-brain-v2/node_modules/jest-runner/build/runTest.js:444:34)"],"fullName":"PIIRedactionService Role-based Redaction should apply different redaction levels based on role","invocations":1,"location":null,"numPassingAsserts":1,"retryReasons":[],"status":"failed","title":"should apply different redaction levels based on role"},{"ancestorTitles":["PIIRedactionService","Custom Rules"],"duration":4,"failureDetails":[],"failureMessages":[],"fullName":"PIIRedactionService Custom Rules should allow adding custom redaction rules","invocations":1,"location":null,"numPassingAsserts":1,"retryReasons":[],"status":"passed","title":"should allow adding custom redaction rules"},{"ancestorTitles":["PIIRedactionService","Custom Rules"],"duration":0,"failureDetails":[{"matcherResult":{"message":"\u001b[2mexpect(\u001b[22m\u001b[31mreceived\u001b[39m\u001b[2m).\u001b[22mtoThrow\u001b[2m(\u001b[22m\u001b[32mexpected\u001b[39m\u001b[2m)\u001b[22m\n\nExpected substring: \u001b[32m\"already exists\"\u001b[39m\n\nReceived function did not throw","pass":false}}],"failureMessages":["Error: \u001b[2mexpect(\u001b[22m\u001b[31mreceived\u001b[39m\u001b[2m).\u001b[22mtoThrow\u001b[2m(\u001b[22m\u001b[32mexpected\u001b[39m\u001b[2m)\u001b[22m\n\nExpected substring: \u001b[32m\"already exists\"\u001b[39m\n\nReceived function did not throw\n    at Object.<anonymous> (/home/mine/ai/claude-home/projects/solicitor-brain-v2/server/tests/pii-redactor.test.ts:406:54)\n    at Promise.then.completed (/home/mine/ai/claude-home/projects/solicitor-brain-v2/node_modules/jest-circus/build/utils.js:298:28)\n    at new Promise (<anonymous>)\n    at callAsyncCircusFn (/home/mine/ai/claude-home/projects/solicitor-brain-v2/node_modules/jest-circus/build/utils.js:231:10)\n    at _callCircusTest (/home/mine/ai/claude-home/projects/solicitor-brain-v2/node_modules/jest-circus/build/run.js:316:40)\n    at _runTest (/home/mine/ai/claude-home/projects/solicitor-brain-v2/node_modules/jest-circus/build/run.js:252:3)\n    at _runTestsForDescribeBlock (/home/mine/ai/claude-home/projects/solicitor-brain-v2/node_modules/jest-circus/build/run.js:126:9)\n    at _runTestsForDescribeBlock (/home/mine/ai/claude-home/projects/solicitor-brain-v2/node_modules/jest-circus/build/run.js:121:9)\n    at _runTestsForDescribeBlock (/home/mine/ai/claude-home/projects/solicitor-brain-v2/node_modules/jest-circus/build/run.js:121:9)\n    at run (/home/mine/ai/claude-home/projects/solicitor-brain-v2/node_modules/jest-circus/build/run.js:71:3)\n    at runAndTransformResultsToJestFormat (/home/mine/ai/claude-home/projects/solicitor-brain-v2/node_modules/jest-circus/build/legacy-code-todo-rewrite/jestAdapterInit.js:122:21)\n    at jestAdapter (/home/mine/ai/claude-home/projects/solicitor-brain-v2/node_modules/jest-circus/build/legacy-code-todo-rewrite/jestAdapter.js:79:19)\n    at runTestInternal (/home/mine/ai/claude-home/projects/solicitor-brain-v2/node_modules/jest-runner/build/runTest.js:367:16)\n    at runTest (/home/mine/ai/claude-home/projects/solicitor-brain-v2/node_modules/jest-runner/build/runTest.js:444:34)"],"fullName":"PIIRedactionService Custom Rules should prevent duplicate rule IDs","invocations":1,"location":null,"numPassingAsserts":0,"retryReasons":[],"status":"failed","title":"should prevent duplicate rule IDs"},{"ancestorTitles":["PIIRedactionService","Performance and Edge Cases"],"duration":0,"failureDetails":[],"failureMessages":[],"fullName":"PIIRedactionService Performance and Edge Cases should handle empty or null input","invocations":1,"location":null,"numPassingAsserts":3,"retryReasons":[],"status":"passed","title":"should handle empty or null input"},{"ancestorTitles":["PIIRedactionService","Performance and Edge Cases"],"duration":172,"failureDetails":[],"failureMessages":[],"fullName":"PIIRedactionService Performance and Edge Cases should handle reasonably long text efficiently","invocations":1,"location":null,"numPassingAsserts":2,"retryReasons":[],"status":"passed","title":"should handle reasonably long text efficiently"},{"ancestorTitles":["PIIRedactionService","Performance and Edge Cases"],"duration":4,"failureDetails":[{"matcherResult":{"message":"\u001b[2mexpect(\u001b[22m\u001b[31mreceived\u001b[39m\u001b[2m).\u001b[22mtoContain\u001b[2m(\u001b[22m\u001b[32mexpected\u001b[39m\u001b[2m) // indexOf\u001b[22m\n\nExpected substring: \u001b[32m\"\u001b[39m\n\u001b[32m\"\u001b[39m\nReceived string:    \u001b[31m\"Client: [NAME_REDACTED]: j[EMAIL_REDACTED]Phone: +[PHONE_REDACTED]\"\u001b[39m","pass":false}}],"failureMessages":["Error: \u001b[2mexpect(\u001b[22m\u001b[31mreceived\u001b[39m\u001b[2m).\u001b[22mtoContain\u001b[2m(\u001b[22m\u001b[32mexpected\u001b[39m\u001b[2m) // indexOf\u001b[22m\n\nExpected substring: \u001b[32m\"\u001b[39m\n\u001b[32m\"\u001b[39m\nReceived string:    \u001b[31m\"Client: [NAME_REDACTED]: j[EMAIL_REDACTED]Phone: +[PHONE_REDACTED]\"\u001b[39m\n    at Object.<anonymous> (/home/mine/ai/claude-home/projects/solicitor-brain-v2/server/tests/pii-redactor.test.ts:437:35)\n    at Promise.then.completed (/home/mine/ai/claude-home/projects/solicitor-brain-v2/node_modules/jest-circus/build/utils.js:298:28)\n    at new Promise (<anonymous>)\n    at callAsyncCircusFn (/home/mine/ai/claude-home/projects/solicitor-brain-v2/node_modules/jest-circus/build/utils.js:231:10)\n    at _callCircusTest (/home/mine/ai/claude-home/projects/solicitor-brain-v2/node_modules/jest-circus/build/run.js:316:40)\n    at _runTest (/home/mine/ai/claude-home/projects/solicitor-brain-v2/node_modules/jest-circus/build/run.js:252:3)\n    at _runTestsForDescribeBlock (/home/mine/ai/claude-home/projects/solicitor-brain-v2/node_modules/jest-circus/build/run.js:126:9)\n    at _runTestsForDescribeBlock (/home/mine/ai/claude-home/projects/solicitor-brain-v2/node_modules/jest-circus/build/run.js:121:9)\n    at _runTestsForDescribeBlock (/home/mine/ai/claude-home/projects/solicitor-brain-v2/node_modules/jest-circus/build/run.js:121:9)\n    at run (/home/mine/ai/claude-home/projects/solicitor-brain-v2/node_modules/jest-circus/build/run.js:71:3)\n    at runAndTransformResultsToJestFormat (/home/mine/ai/claude-home/projects/solicitor-brain-v2/node_modules/jest-circus/build/legacy-code-todo-rewrite/jestAdapterInit.js:122:21)\n    at jestAdapter (/home/mine/ai/claude-home/projects/solicitor-brain-v2/node_modules/jest-circus/build/legacy-code-todo-rewrite/jestAdapter.js:79:19)\n    at runTestInternal (/home/mine/ai/claude-home/projects/solicitor-brain-v2/node_modules/jest-runner/build/runTest.js:367:16)\n    at runTest (/home/mine/ai/claude-home/projects/solicitor-brain-v2/node_modules/jest-runner/build/runTest.js:444:34)"],"fullName":"PIIRedactionService Performance and Edge Cases should maintain text structure when preserveFormat is enabled","invocations":1,"location":null,"numPassingAsserts":0,"retryReasons":[],"status":"failed","title":"should maintain text structure when preserveFormat is enabled"},{"ancestorTitles":["PIIRedactionService","Hash Consistency"],"duration":6,"failureDetails":[],"failureMessages":[],"fullName":"PIIRedactionService Hash Consistency should generate consistent hashes for same input","invocations":1,"location":null,"numPassingAsserts":1,"retryReasons":[],"status":"passed","title":"should generate consistent hashes for same input"},{"ancestorTitles":["PIIRedactionService","Hash Consistency"],"duration":6,"failureDetails":[],"failureMessages":[],"fullName":"PIIRedactionService Hash Consistency should generate different hashes for different inputs","invocations":1,"location":null,"numPassingAsserts":1,"retryReasons":[],"status":"passed","title":"should generate different hashes for different inputs"},{"ancestorTitles":["PIIRedactionService","Statistics and Monitoring"],"duration":1,"failureDetails":[],"failureMessages":[],"fullName":"PIIRedactionService Statistics and Monitoring should provide redaction statistics","invocations":1,"location":null,"numPassingAsserts":5,"retryReasons":[],"status":"passed","title":"should provide redaction statistics"},{"ancestorTitles":["PIIRedactionService","Statistics and Monitoring"],"duration":5,"failureDetails":[{"matcherResult":{"actual":"john@example.com","expected":"[EMAIL_REDACTED]","message":"\u001b[2mexpect(\u001b[22m\u001b[31mreceived\u001b[39m\u001b[2m).\u001b[22mtoBe\u001b[2m(\u001b[22m\u001b[32mexpected\u001b[39m\u001b[2m) // Object.is equality\u001b[22m\n\nExpected: \u001b[32m\"[EMAIL_REDACTED]\"\u001b[39m\nReceived: \u001b[31m\"john@example.com\"\u001b[39m","name":"toBe","pass":false}}],"failureMessages":["Error: \u001b[2mexpect(\u001b[22m\u001b[31mreceived\u001b[39m\u001b[2m).\u001b[22mtoBe\u001b[2m(\u001b[22m\u001b[32mexpected\u001b[39m\u001b[2m) // Object.is equality\u001b[22m\n\nExpected: \u001b[32m\"[EMAIL_REDACTED]\"\u001b[39m\nReceived: \u001b[31m\"john@example.com\"\u001b[39m\n    at Object.<anonymous> (/home/mine/ai/claude-home/projects/solicitor-brain-v2/server/tests/pii-redactor.test.ts:491:36)\n    at Promise.then.completed (/home/mine/ai/claude-home/projects/solicitor-brain-v2/node_modules/jest-circus/build/utils.js:298:28)\n    at new Promise (<anonymous>)\n    at callAsyncCircusFn (/home/mine/ai/claude-home/projects/solicitor-brain-v2/node_modules/jest-circus/build/utils.js:231:10)\n    at _callCircusTest (/home/mine/ai/claude-home/projects/solicitor-brain-v2/node_modules/jest-circus/build/run.js:316:40)\n    at _runTest (/home/mine/ai/claude-home/projects/solicitor-brain-v2/node_modules/jest-circus/build/run.js:252:3)\n    at _runTestsForDescribeBlock (/home/mine/ai/claude-home/projects/solicitor-brain-v2/node_modules/jest-circus/build/run.js:126:9)\n    at _runTestsForDescribeBlock (/home/mine/ai/claude-home/projects/solicitor-brain-v2/node_modules/jest-circus/build/run.js:121:9)\n    at _runTestsForDescribeBlock (/home/mine/ai/claude-home/projects/solicitor-brain-v2/node_modules/jest-circus/build/run.js:121:9)\n    at run (/home/mine/ai/claude-home/projects/solicitor-brain-v2/node_modules/jest-circus/build/run.js:71:3)\n    at runAndTransformResultsToJestFormat (/home/mine/ai/claude-home/projects/solicitor-brain-v2/node_modules/jest-circus/build/legacy-code-todo-rewrite/jestAdapterInit.js:122:21)\n    at jestAdapter (/home/mine/ai/claude-home/projects/solicitor-brain-v2/node_modules/jest-circus/build/legacy-code-todo-rewrite/jestAdapter.js:79:19)\n    at runTestInternal (/home/mine/ai/claude-home/projects/solicitor-brain-v2/node_modules/jest-runner/build/runTest.js:367:16)\n    at runTest (/home/mine/ai/claude-home/projects/solicitor-brain-v2/node_modules/jest-runner/build/runTest.js:444:34)"],"fullName":"PIIRedactionService Statistics and Monitoring should allow enabling/disabling rules","invocations":1,"location":null,"numPassingAsserts":3,"retryReasons":[],"status":"failed","title":"should allow enabling/disabling rules"},{"ancestorTitles":["PIIRedactionService","PII Middleware Integration"],"duration":0,"failureDetails":[],"failureMessages":[],"fullName":"PIIRedactionService PII Middleware Integration should create logging middleware","invocations":1,"location":null,"numPassingAsserts":1,"retryReasons":[],"status":"passed","title":"should create logging middleware"},{"ancestorTitles":["PIIRedactionService","PII Middleware Integration"],"duration":0,"failureDetails":[],"failureMessages":[],"fullName":"PIIRedactionService PII Middleware Integration should create error middleware","invocations":1,"location":null,"numPassingAsserts":1,"retryReasons":[],"status":"passed","title":"should create error middleware"},{"ancestorTitles":["PIIRedactionService","Performance Benchmarks"],"duration":30,"failureDetails":[{"matcherResult":{"actual":"John Smith","expected":"[NAME_REDACTED]","message":"\u001b[2mexpect(\u001b[22m\u001b[31mreceived\u001b[39m\u001b[2m).\u001b[22mtoBe\u001b[2m(\u001b[22m\u001b[32mexpected\u001b[39m\u001b[2m) // Object.is equality\u001b[22m\n\nExpected: \u001b[32m\"[NAME_REDACTED]\"\u001b[39m\nReceived: \u001b[31m\"John Smith\"\u001b[39m","name":"toBe","pass":false}}],"failureMessages":["Error: \u001b[2mexpect(\u001b[22m\u001b[31mreceived\u001b[39m\u001b[2m).\u001b[22mtoBe\u001b[2m(\u001b[22m\u001b[32mexpected\u001b[39m\u001b[2m) // Object.is equality\u001b[22m\n\nExpected: \u001b[32m\"[NAME_REDACTED]\"\u001b[39m\nReceived: \u001b[31m\"John Smith\"\u001b[39m\n    at Object.<anonymous> (/home/mine/ai/claude-home/projects/solicitor-brain-v2/server/tests/pii-redactor.test.ts:531:33)\n    at Promise.then.completed (/home/mine/ai/claude-home/projects/solicitor-brain-v2/node_modules/jest-circus/build/utils.js:298:28)\n    at new Promise (<anonymous>)\n    at callAsyncCircusFn (/home/mine/ai/claude-home/projects/solicitor-brain-v2/node_modules/jest-circus/build/utils.js:231:10)\n    at _callCircusTest (/home/mine/ai/claude-home/projects/solicitor-brain-v2/node_modules/jest-circus/build/run.js:316:40)\n    at _runTest (/home/mine/ai/claude-home/projects/solicitor-brain-v2/node_modules/jest-circus/build/run.js:252:3)\n    at _runTestsForDescribeBlock (/home/mine/ai/claude-home/projects/solicitor-brain-v2/node_modules/jest-circus/build/run.js:126:9)\n    at _runTestsForDescribeBlock (/home/mine/ai/claude-home/projects/solicitor-brain-v2/node_modules/jest-circus/build/run.js:121:9)\n    at _runTestsForDescribeBlock (/home/mine/ai/claude-home/projects/solicitor-brain-v2/node_modules/jest-circus/build/run.js:121:9)\n    at run (/home/mine/ai/claude-home/projects/solicitor-brain-v2/node_modules/jest-circus/build/run.js:71:3)\n    at runAndTransformResultsToJestFormat (/home/mine/ai/claude-home/projects/solicitor-brain-v2/node_modules/jest-circus/build/legacy-code-todo-rewrite/jestAdapterInit.js:122:21)\n    at jestAdapter (/home/mine/ai/claude-home/projects/solicitor-brain-v2/node_modules/jest-circus/build/legacy-code-todo-rewrite/jestAdapter.js:79:19)\n    at runTestInternal (/home/mine/ai/claude-home/projects/solicitor-brain-v2/node_modules/jest-runner/build/runTest.js:367:16)\n    at runTest (/home/mine/ai/claude-home/projects/solicitor-brain-v2/node_modules/jest-runner/build/runTest.js:444:34)"],"fullName":"PIIRedactionService Performance Benchmarks should process typical case data within acceptable time","invocations":1,"location":null,"numPassingAsserts":1,"retryReasons":[],"status":"failed","title":"should process typical case data within acceptable time"}],"endTime":1756771836680,"message":"\u001b[1m\u001b[31m  \u001b[1m● \u001b[22m\u001b[1mPIIRedactionService › UK Names Redaction › should partially redact names with PARTIAL level\u001b[39m\u001b[22m\n\n    \u001b[2mexpect(\u001b[22m\u001b[31mreceived\u001b[39m\u001b[2m).\u001b[22mtoBe\u001b[2m(\u001b[22m\u001b[32mexpected\u001b[39m\u001b[2m) // Object.is equality\u001b[22m\n\n    Expected: \u001b[32m\"Contact J\u001b[7m*** S***\u001b[27m for details.\"\u001b[39m\n    Received: \u001b[31m\"Contact J\u001b[7mohn Smith\u001b[27m for details.\"\u001b[39m\n\u001b[2m\u001b[22m\n\u001b[2m    \u001b[0m \u001b[90m 31 |\u001b[39m       \u001b[36mconst\u001b[39m result \u001b[33m=\u001b[39m piiRedactor\u001b[33m.\u001b[39mredact(text\u001b[33m,\u001b[39m \u001b[32m'solicitor'\u001b[39m\u001b[33m,\u001b[39m \u001b[33mRedactionLevel\u001b[39m\u001b[33m.\u001b[39m\u001b[33mPARTIAL\u001b[39m)\u001b[33m;\u001b[39m\u001b[22m\n\u001b[2m     \u001b[90m 32 |\u001b[39m\u001b[22m\n\u001b[2m    \u001b[31m\u001b[1m>\u001b[22m\u001b[2m\u001b[39m\u001b[90m 33 |\u001b[39m       expect(result\u001b[33m.\u001b[39mredactedText)\u001b[33m.\u001b[39mtoBe(\u001b[32m'Contact J*** S*** for details.'\u001b[39m)\u001b[33m;\u001b[39m\u001b[22m\n\u001b[2m     \u001b[90m    |\u001b[39m                                   \u001b[31m\u001b[1m^\u001b[22m\u001b[2m\u001b[39m\u001b[22m\n\u001b[2m     \u001b[90m 34 |\u001b[39m       expect(result\u001b[33m.\u001b[39mredactionsApplied)\u001b[33m.\u001b[39mtoHaveLength(\u001b[35m1\u001b[39m)\u001b[33m;\u001b[39m\u001b[22m\n\u001b[2m     \u001b[90m 35 |\u001b[39m     })\u001b[33m;\u001b[39m\u001b[22m\n\u001b[2m     \u001b[90m 36 |\u001b[39m\u001b[0m\u001b[22m\n\u001b[2m\u001b[22m\n\u001b[2m      \u001b[2mat Object.<anonymous> (\u001b[22m\u001b[2m\u001b[0m\u001b[36mserver/tests/pii-redactor.test.ts\u001b[39m\u001b[0m\u001b[2m:33:35)\u001b[22m\u001b[2m\u001b[22m\n\n\u001b[1m\u001b[31m  \u001b[1m● \u001b[22m\u001b[1mPIIRedactionService › UK Names Redaction › should handle multiple names in text\u001b[39m\u001b[22m\n\n    \u001b[2mexpect(\u001b[22m\u001b[31mreceived\u001b[39m\u001b[2m).\u001b[22mtoBe\u001b[2m(\u001b[22m\u001b[32mexpected\u001b[39m\u001b[2m) // Object.is equality\u001b[22m\n\n    Expected: \u001b[32m\"\u001b[7m[NAME_REDACTED]\u001b[27m and [NAME_REDACTED] are co-defendants.\"\u001b[39m\n    Received: \u001b[31m\"\u001b[7mJohn Smith\u001b[27m and [NAME_REDACTED] are co-defendants.\"\u001b[39m\n\u001b[2m\u001b[22m\n\u001b[2m    \u001b[0m \u001b[90m 47 |\u001b[39m       \u001b[36mconst\u001b[39m result \u001b[33m=\u001b[39m piiRedactor\u001b[33m.\u001b[39mredact(text\u001b[33m,\u001b[39m \u001b[32m'guest'\u001b[39m\u001b[33m,\u001b[39m \u001b[33mRedactionLevel\u001b[39m\u001b[33m.\u001b[39m\u001b[33mFULL\u001b[39m)\u001b[33m;\u001b[39m\u001b[22m\n\u001b[2m     \u001b[90m 48 |\u001b[39m\u001b[22m\n\u001b[2m    \u001b[31m\u001b[1m>\u001b[22m\u001b[2m\u001b[39m\u001b[90m 49 |\u001b[39m       expect(result\u001b[33m.\u001b[39mredactedText)\u001b[33m.\u001b[39mtoBe(\u001b[32m'[NAME_REDACTED] and [NAME_REDACTED] are co-defendants.'\u001b[39m)\u001b[33m;\u001b[39m\u001b[22m\n\u001b[2m     \u001b[90m    |\u001b[39m                                   \u001b[31m\u001b[1m^\u001b[22m\u001b[2m\u001b[39m\u001b[22m\n\u001b[2m     \u001b[90m 50 |\u001b[39m       expect(result\u001b[33m.\u001b[39mredactionsApplied[\u001b[35m0\u001b[39m]\u001b[33m.\u001b[39mmatchCount)\u001b[33m.\u001b[39mtoBe(\u001b[35m2\u001b[39m)\u001b[33m;\u001b[39m\u001b[22m\n\u001b[2m     \u001b[90m 51 |\u001b[39m     })\u001b[33m;\u001b[39m\u001b[22m\n\u001b[2m     \u001b[90m 52 |\u001b[39m   })\u001b[33m;\u001b[39m\u001b[0m\u001b[22m\n\u001b[2m\u001b[22m\n\u001b[2m      \u001b[2mat Object.<anonymous> (\u001b[22m\u001b
[...]
mmarization error:'\u001b[39m\u001b[33m,\u001b[39m error)\u001b[33m;\u001b[39m\u001b[22m\n\u001b[2m    \u001b[31m\u001b[1m>\u001b[22m\u001b[2m\u001b[39m\u001b[90m 208 |\u001b[39m       \u001b[36mthrow\u001b[39m \u001b[36mnew\u001b[39m \u001b[33mError\u001b[39m(\u001b[32m'Summarization failed'\u001b[39m)\u001b[33m;\u001b[39m\u001b[22m\n\u001b[2m     \u001b[90m     |\u001b[39m             \u001b[31m\u001b[1m^\u001b[22m\u001b[2m\u001b[39m\u001b[22m\n\u001b[2m     \u001b[90m 209 |\u001b[39m     }\u001b[22m\n\u001b[2m     \u001b[90m 210 |\u001b[39m   }\u001b[22m\n\u001b[2m     \u001b[90m 211 |\u001b[39m\u001b[0m\u001b[22m\n\u001b[2m\u001b[22m\n\u001b[2m      \u001b[2mat RealAIService.summarize (\u001b[22m\u001b[2mserver/services/real-ai.ts\u001b[2m:208:13)\u001b[22m\u001b[2m\u001b[22m\n\u001b[2m      \u001b[2mat Object.<anonymous> (\u001b[22m\u001b[2m\u001b[0m\u001b[36mserver/tests/real-ai.test.ts\u001b[39m\u001b[0m\u001b[2m:342:36)\u001b[22m\u001b[2m\u001b[22m\n\n\u001b[1m\u001b[31m  \u001b[1m● \u001b[22m\u001b[1mRealAIService › summarize › should truncate long text for summarization\u001b[39m\u001b[22m\n\n    Summarization failed\n\u001b[2m\u001b[22m\n\u001b[2m    \u001b[0m \u001b[90m 206 |\u001b[39m     } \u001b[36mcatch\u001b[39m (error) {\u001b[22m\n\u001b[2m     \u001b[90m 207 |\u001b[39m       console\u001b[33m.\u001b[39merror(\u001b[32m'Summarization error:'\u001b[39m\u001b[33m,\u001b[39m error)\u001b[33m;\u001b[39m\u001b[22m\n\u001b[2m    \u001b[31m\u001b[1m>\u001b[22m\u001b[2m\u001b[39m\u001b[90m 208 |\u001b[39m       \u001b[36mthrow\u001b[39m \u001b[36mnew\u001b[39m \u001b[33mError\u001b[39m(\u001b[32m'Summarization failed'\u001b[39m)\u001b[33m;\u001b[39m\u001b[22m\n\u001b[2m     \u001b[90m     |\u001b[39m             \u001b[31m\u001b[1m^\u001b[22m\u001b[2m\u001b[39m\u001b[22m\n\u001b[2m     \u001b[90m 209 |\u001b[39m     }\u001b[22m\n\u001b[2m     \u001b[90m 210 |\u001b[39m   }\u001b[22m\n\u001b[2m     \u001b[90m 211 |\u001b[39m\u001b[0m\u001b[22m\n\u001b[2m\u001b[22m\n\u001b[2m      \u001b[2mat RealAIService.summarize (\u001b[22m\u001b[2mserver/services/real-ai.ts\u001b[2m:208:13)\u001b[22m\u001b[2m\u001b[22m\n\u001b[2m      \u001b[2mat Object.<anonymous> (\u001b[22m\u001b[2m\u001b[0m\u001b[36mserver/tests/real-ai.test.ts\u001b[39m\u001b[0m\u001b[2m:360:21)\u001b[22m\u001b[2m\u001b[22m\n\n\u001b[1m\u001b[31m  \u001b[1m● \u001b[22m\u001b[1mRealAIService › listModels › should list available models\u001b[39m\u001b[22m\n\n    Failed to list models\n\u001b[2m\u001b[22m\n\u001b[2m    \u001b[0m \u001b[90m 221 |\u001b[39m     } \u001b[36mcatch\u001b[39m (error) {\u001b[22m\n\u001b[2m     \u001b[90m 222 |\u001b[39m       console\u001b[33m.\u001b[39merror(\u001b[32m'List models error:'\u001b[39m\u001b[33m,\u001b[39m error)\u001b[33m;\u001b[39m\u001b[22m\n\u001b[2m    \u001b[31m\u001b[1m>\u001b[22m\u001b[2m\u001b[39m\u001b[90m 223 |\u001b[39m       \u001b[36mthrow\u001b[39m \u001b[36mnew\u001b[39m \u001b[33mError\u001b[39m(\u001b[32m'Failed to list models'\u001b[39m)\u001b[33m;\u001b[39m\u001b[22m\n\u001b[2m     \u001b[90m     |\u001b[39m             \u001b[31m\u001b[1m^\u001b[22m\u001b[2m\u001b[39m\u001b[22m\n\u001b[2m     \u001b[90m 224 |\u001b[39m     }\u001b[22m\n\u001b[2m     \u001b[90m 225 |\u001b[39m   }\u001b[22m\n\u001b[2m     \u001b[90m 226 |\u001b[39m }\u001b[0m\u001b[22m\n\u001b[2m\u001b[22m\n\u001b[2m      \u001b[2mat RealAIService.listModels (\u001b[22m\u001b[2mserver/services/real-ai.ts\u001b[2m:223:13)\u001b[22m\u001b[2m\u001b[22m\n\u001b[2m      \u001b[2mat Object.<anonymous> (\u001b[22m\u001b[2m\u001b[0m\u001b[36mserver/tests/real-ai.test.ts\u001b[39m\u001b[0m\u001b[2m:387:36)\u001b[22m\u001b[2m\u001b[22m\n","name":"/home/mine/ai/claude-home/projects/solicitor-brain-v2/server/tests/real-ai.test.ts","startTime":1756771837553,"status":"failed","summary":""},{"assertionResults":[{"ancestorTitles":[],"duration":0,"failureDetails":[],"failureMessages":[],"fullName":"adds two numbers","invocations":1,"location":null,"numPassingAsserts":1,"retryReasons":[],"status":"passed","title":"adds two numbers"}],"endTime":1756771845563,"message":"","name":"/home/mine/ai/claude-home/projects/solicitor-brain-v2/client/src/lib/sum.test.ts","startTime":1756771838084,"status":"passed","summary":""},{"assertionResults":[{"ancestorTitles":["AuthService","hashPassword"],"duration":1,"failureDetails":[],"failureMessages":[],"fullName":"AuthService hashPassword should hash password with correct rounds","invocations":1,"location":null,"numPassingAsserts":2,"retryReasons":[],"status":"passed","title":"should hash password with correct rounds"},{"ancestorTitles":["AuthService","hashPassword"],"duration":9,"failureDetails":[],"failureMessages":[],"fullName":"AuthService hashPassword should handle bcrypt errors","invocations":1,"location":null,"numPassingAsserts":1,"retryReasons":[],"status":"passed","title":"should handle bcrypt errors"},{"ancestorTitles":["AuthService","verifyPassword"],"duration":1,"failureDetails":[],"failureMessages":[],"fullName":"AuthService verifyPassword should verify password correctly","invocations":1,"location":null,"numPassingAsserts":2,"retryReasons":[],"status":"passed","title":"should verify password correctly"},{"ancestorTitles":["AuthService","verifyPassword"],"duration":0,"failureDetails":[],"failureMessages":[],"fullName":"AuthService verifyPassword should return false for invalid password","invocations":1,"location":null,"numPassingAsserts":1,"retryReasons":[],"status":"passed","title":"should return false for invalid password"},{"ancestorTitles":["AuthService","generateToken"],"duration":1,"failureDetails":[],"failureMessages":[],"fullName":"AuthService generateToken should generate JWT token with correct payload","invocations":1,"location":null,"numPassingAsserts":2,"retryReasons":[],"status":"passed","title":"should generate JWT token with correct payload"},{"ancestorTitles":["AuthService","verifyToken"],"duration":0,"failureDetails":[],"failureMessages":[],"fullName":"AuthService verifyToken should verify and decode JWT token","invocations":1,"location":null,"numPassingAsserts":2,"retryReasons":[],"status":"passed","title":"should verify and decode JWT token"},{"ancestorTitles":["AuthService","verifyToken"],"duration":2,"failureDetails":[],"failureMessages":[],"fullName":"AuthService verifyToken should throw error for invalid token","invocations":1,"location":null,"numPassingAsserts":1,"retryReasons":[],"status":"passed","title":"should throw error for invalid token"},{"ancestorTitles":["AuthService","register"],"duration":1,"failureDetails":[],"failureMessages":[],"fullName":"AuthService register should register new user successfully","invocations":1,"location":null,"numPassingAsserts":5,"retryReasons":[],"status":"passed","title":"should register new user successfully"},{"ancestorTitles":["AuthService","register"],"duration":1,"failureDetails":[],"failureMessages":[],"fullName":"AuthService register should throw error if username already exists","invocations":1,"location":null,"numPassingAsserts":1,"retryReasons":[],"status":"passed","title":"should throw error if username already exists"},{"ancestorTitles":["AuthService","login"],"duration":7,"failureDetails":[],"failureMessages":[],"fullName":"AuthService login should login user successfully","invocations":1,"location":null,"numPassingAsserts":4,"retryReasons":[],"status":"passed","title":"should login user successfully"},{"ancestorTitles":["AuthService","login"],"duration":0,"failureDetails":[],"failureMessages":[],"fullName":"AuthService login should throw error for non-existent user","invocations":1,"location":null,"numPassingAsserts":1,"retryReasons":[],"status":"passed","title":"should throw error for non-existent user"},{"ancestorTitles":["AuthService","login"],"duration":0,"failureDetails":[],"failureMessages":[],"fullName":"AuthService login should throw error for invalid password","invocations":1,"location":null,"numPassingAsserts":1,"retryReasons":[],"status":"passed","title":"should throw error for invalid password"},{"ancestorTitles":["AuthService","getUserById"],"duration":1,"failureDetails":[],"failureMessages":[],"fullName":"AuthService getUserById should return user without password","invocations":1,"location":null,"numPassingAsserts":2,"retryReasons":[],"status":"passed","title":"should return user without password"},{"ancestorTitles":["AuthService","getUserById"],"duration":0,"failureDetails":[],"failureMessages":[],"fullName":"AuthService getUserById should return null for non-existent user","invocations":1,"location":null,"numPassingAsserts":1,"retryReasons":[],"status":"passed","title":"should return null for non-existent user"},{"ancestorTitles":["AuthService","updatePassword"],"duration":1,"failureDetails":[],"failureMessages":[],"fullName":"AuthService updatePassword should update user password","invocations":1,"location":null,"numPassingAsserts":2,"retryReasons":[],"status":"passed","title":"should update user password"},{"ancestorTitles":["AuthService","hasRole"],"duration":0,"failureDetails":[],"failureMessages":[],"fullName":"AuthService hasRole should return true for allowed role","invocations":1,"location":null,"numPassingAsserts":1,"retryReasons":[],"status":"passed","title":"should return true for allowed role"},{"ancestorTitles":["AuthService","hasRole"],"duration":0,"failureDetails":[],"failureMessages":[],"fullName":"AuthService hasRole should return false for disallowed role","invocations":1,"location":null,"numPassingAsserts":1,"retryReasons":[],"status":"passed","title":"should return false for disallowed role"}],"endTime":1756771845842,"message":"","name":"/home/mine/ai/claude-home/projects/solicitor-brain-v2/server/tests/auth.test.ts","startTime":1756771845570,"status":"passed","summary":""},{"assertionResults":[{"ancestorTitles":["Audit Service","auditLog"],"duration":2,"failureDetails":[],"failureMessages":[],"fullName":"Audit Service auditLog should create audit log entry with redacted sensitive data","invocations":1,"location":null,"numPassingAsserts":4,"retryReasons":[],"status":"passed","title":"should create audit log entry with redacted sensitive data"},{"ancestorTitles":["Audit Service","auditLog"],"duration":1,"failureDetails":[],"failureMessages":[],"fullName":"Audit Service auditLog should handle null metadata","invocations":1,"location":null,"numPassingAsserts":2,"retryReasons":[],"status":"passed","title":"should handle null metadata"},{"ancestorTitles":["Audit Service","auditLog"],"duration":1,"failureDetails":[],"failureMessages":[],"fullName":"Audit Service auditLog should handle empty metadata object","invocations":1,"location":null,"numPassingAsserts":2,"retryReasons":[],"status":"passed","title":"should handle empty metadata object"},{"ancestorTitles":["Audit Service","auditLog"],"duration":1,"failureDetails":[],"failureMessages":[],"fullName":"Audit Service auditLog should redact case-insensitive field names","invocations":1,"location":null,"numPassingAsserts":2,"retryReasons":[],"status":"passed","title":"should redact case-insensitive field names"},{"ancestorTitles":["Audit Service","auditLog"],"duration":0,"failureDetails":[],"failureMessages":[],"fullName":"Audit Service auditLog should redact partial field name matches","invocations":1,"location":null,"numPassingAsserts":2,"retryReasons":[],"status":"passed","title":"should redact partial field name matches"},{"ancestorTitles":["Audit Service","auditLog"],"duration":1,"failureDetails":[],"failureMessages":[],"fullName":"Audit Service auditLog should handle nested objects","invocations":1,"location":null,"numPassingAsserts":2,"retryReasons":[],"status":"passed","title":"should handle nested objects"},{"ancestorTitles":["Audit Service","auditLog"],"duration":1,"failureDetails":[],"failureMessages":[],"fullName":"Audit Service auditLog should handle arrays in metadata","invocations":1,"location":null,"numPassingAsserts":2,"retryReasons":[],"status":"passed","title":"should handle arrays in metadata"},{"ancestorTitles":["Audit Service","auditLog"],"duration":19,"failureDetails":[],"failureMessages":[],"fullName":"Audit Service auditLog should handle database errors gracefully","invocations":1,"location":null,"numPassingAsserts":1,"retryReasons":[],"status":"passed","title":"should handle database errors gracefully"},{"ancestorTitles":["Audit Service","getAuditLogs"],"duration":1,"failureDetails":[],"failureMessages":[],"fullName":"Audit Service getAuditLogs should return audit logs with default pagination","invocations":1,"location":null,"numPassingAsserts":6,"retryReasons":[],"status":"passed","title":"should return audit logs with default pagination"},{"ancestorTitles":["Audit Service","getAuditLogs"],"duration":1,"failureDetails":[],"failureMessages":[],"fullName":"Audit Service getAuditLogs should apply custom pagination","invocations":1,"location":null,"numPassingAsserts":2,"retryReasons":[],"status":"passed","title":"should apply custom pagination"},{"ancestorTitles":["Audit Service","getAuditLogs"],"duration":1,"failureDetails":[],"failureMessages":[],"fullName":"Audit Service getAuditLogs should handle database errors","invocations":1,"location":null,"numPassingAsserts":1,"retryReasons":[],"status":"passed","title":"should handle database errors"},{"ancestorTitles":["Audit Service","redactSensitiveData function"],"duration":0,"failureDetails":[],"failureMessages":[],"fullName":"Audit Service redactSensitiveData function should handle primitive values","invocations":1,"location":null,"numPassingAsserts":1,"retryReasons":[],"status":"passed","title":"should handle primitive values"},{"ancestorTitles":["Audit Service","redactSensitiveData function"],"duration":1,"failureDetails":[],"failureMessages":[],"fullName":"Audit Service redactSensitiveData function should handle complex nested structures","invocations":1,"location":null,"numPassingAsserts":1,"retryReasons":[],"status":"passed","title":"should handle complex nested structures"}],"endTime":1756771846010,"message":"","name":"/home/mine/ai/claude-home/projects/solicitor-brain-v2/server/tests/audit.test.ts","startTime":1756771845846,"status":"passed","summary":""},{"assertionResults":[{"ancestorTitles":["AuthService Import Test"],"duration":1,"failureDetails":[],"failureMessages":[],"fullName":"AuthService Import Test should import AuthService successfully","invocations":1,"location":null,"numPassingAsserts":2,"retryReasons":[],"status":"passed","title":"should import AuthService successfully"}],"endTime":1756771846084,"message":"","name":"/home/mine/ai/claude-home/projects/solicitor-brain-v2/server/tests/auth-import.test.ts","startTime":1756771846015,"status":"passed","summary":""},{"assertionResults":[{"ancestorTitles":["API Sanity"],"duration":1,"failureDetails":[],"failureMessages":[],"fullName":"API Sanity should pass a basic test","invocations":1,"location":null,"numPassingAsserts":1,"retryReasons":[],"status":"passed","title":"should pass a basic test"}],"endTime":1756771846118,"message":"","name":"/home/mine/ai/claude-home/projects/solicitor-brain-v2/server/tests/sanity.test.ts","startTime":1756771846088,"status":"passed","summary":""},{"assertionResults":[{"ancestorTitles":["test"],"duration":1,"failureDetails":[],"failureMessages":[],"fullName":"test passes","invocations":1,"location":null,"numPassingAsserts":1,"retryReasons":[],"status":"passed","title":"passes"}],"endTime":1756771846146,"message":"","name":"/home/mine/ai/claude-home/projects/solicitor-brain-v2/server/tests/simple.test.ts","startTime":1756771846121,"status":"passed","summary":""},{"assertionResults":[],"coverage":{},"endTime":1756771846309,"message":"  \u001b[1m● \u001b[22mTest suite failed to run\n\n    \u001b[1m\u001b[31mJest encountered an unexpected token\u001b[39m\u001b[22m\n\n    Jest failed to parse a file. This happens e.g. when your code or its dependencies use non-standard JavaScript syntax, or when Jest is not configured to support such syntax.\n\n    Out of the box Jest supports Babel, which will be used to transform your files into valid JS based on your Babel configuration.\n\n    By default \"node_modules\" folder is ignored by transformers.\n\n    Here's what you can do:\n     • If you are trying to use ECMAScript Modules, see \u001b[4mhttps://jestjs.io/docs/ecmascript-modules\u001b[24m for how to enable it.\n     • If you are trying to use TypeScript, see \u001b[4mhttps://jestjs.io/docs/getting-started#using-typescript\u001b[24m\n     • To have some of your \"node_modules\" files transformed, you can specify a custom \u001b[1m\"transformIgnorePatterns\"\u001b[22m in your config.\n     • If you need a custom transformation specify a \u001b[1m\"transform\"\u001b[22m option in your config.\n     • If you simply want to mock your non-JS modules (e.g. binary assets) you can stub them out with the \u001b[1m\"moduleNameMapper\"\u001b[22m config option.\n\n    You'll find more details and examples of these config options in the docs:\n    \u001b[36mhttps://jestjs.io/docs/configuration\u001b[39m\n    For information about custom transformations, see:\n    \u001b[36mhttps://jestjs.io/docs/code-transformation\u001b[39m\n\n    \u001b[1m\u001b[31mDetails:\u001b[39m\u001b[22m\n\n    /home/mine/ai/claude-home/projects/solicitor-brain-v2/client/src/components/__tests__/AIChatPanel.test.tsx:24\n            (0, react_2.render)(<AIChatPanel_1.AIChatPanel onDocumentAnalyze={mockOnDocumentAnalyze}/>);\n                                ^\n\n    SyntaxError: Unexpected token '<'\n\n      \u001b[2mat Runtime.createScriptFromCode (\u001b[22mnode_modules/jest-runtime/build/index.js\u001b[2m:1505:14)\u001b[22m\n","name":"/home/mine/ai/claude-home/projects/solicitor-brain-v2/client/src/components/__tests__/AIChatPanel.test.tsx","startTime":1756771846309,"status":"failed","summary":""},{"assertionResults":[],"coverage":{},"endTime":1756771846309,"message":"  \u001b[1m● \u001b[22mTest suite failed to run\n\n    \u001b[1m\u001b[31mJest encountered an unexpected token\u001b[39m\u001b[22m\n\n    Jest failed to parse a file. This happens e.g. when your code or its dependencies use non-standard JavaScript syntax, or when Jest is not configured to support such syntax.\n\n    Out of the box Jest supports Babel, which will be used to transform your files into valid JS based on your Babel configuration.\n\n    By default \"node_modules\" folder is ignored by transformers.\n\n    Here's what you can do:\n     • If you are trying to use ECMAScript Modules, see \u001b[4mhttps://jestjs.io/docs/ecmascript-modules\u001b[24m for how to enable it.\n     • If you are trying to use TypeScript, see \u001b[4mhttps://jestjs.io/docs/getting-started#using-typescript\u001b[24m\n     • To have some of your \"node_modules\" files transformed, you can specify a custom \u001b[1m\"transformIgnorePatterns\"\u001b[22m in your config.\n     • If you need a custom transformation specify a \u001b[1m\"transform\"\u001b[22m option in your config.\n     • If you simply want to mock your non-JS modules (e.g. binary assets) you can stub them out with the \u001b[1m\"moduleNameMapper\"\u001b[22m config option.\n\n    You'll find more details and examples of these config options in the docs:\n    \u001b[36mhttps://jestjs.io/docs/configuration\u001b[39m\n    For information about custom transformations, see:\n    \u001b[36mhttps://jestjs.io/docs/code-transformation\u001b[39m\n\n    \u001b[1m\u001b[31mDetails:\u001b[39m\u001b[22m\n\n    /home/mine/ai/claude-home/projects/solicitor-brain-v2/client/src/App.test.tsx:8\n        Switch: ({ children }) => <div>{children}</div>,\n                                  ^\n\n    SyntaxError: Unexpected token '<'\n\n      \u001b[2mat Runtime.createScriptFromCode (\u001b[22mnode_modules/jest-runtime/build/index.js\u001b[2m:1505:14)\u001b[22m\n","name":"/home/mine/ai/claude-home/projects/solicitor-brain-v2/client/src/App.test.tsx","startTime":1756771846309,"status":"failed","summary":""}],"wasInterrupted":false}
